java/lang/Object klass: 0x0000000100001040
java/io/Serializable klass: 0x0000000100001250
java/lang/Comparable klass: 0x0000000100001458
java/lang/CharSequence klass: 0x0000000100001660
java/lang/String klass: 0x0000000100001868
java/lang/reflect/AnnotatedElement klass: 0x0000000100001ad8
java/lang/reflect/GenericDeclaration klass: 0x0000000100001ce0
java/lang/reflect/Type klass: 0x0000000100001ee8
java/lang/Class klass: 0x00000001000020f0
java/lang/Cloneable klass: 0x0000000100002398
java/lang/ClassLoader klass: 0x00000001000025a0
java/lang/System klass: 0x00000001000028b0
java/lang/Throwable klass: 0x0000000100002ac0
java/lang/Error klass: 0x0000000100002d28
java/lang/ThreadDeath klass: 0x0000000100002f90
java/lang/Exception klass: 0x00000001000031f8
java/lang/RuntimeException klass: 0x0000000100003460
java/lang/SecurityManager klass: 0x00000001000036c8
java/security/ProtectionDomain klass: 0x00000001000039c8
java/security/AccessControlContext klass: 0x0000000100003bf8
java/security/SecureClassLoader klass: 0x0000000100003e10
java/lang/ReflectiveOperationException klass: 0x0000000100004130
java/lang/ClassNotFoundException klass: 0x0000000100004398
java/lang/LinkageError klass: 0x0000000100004610
java/lang/NoClassDefFoundError klass: 0x0000000100004878
java/lang/ClassCastException klass: 0x0000000100004ae0
java/lang/ArrayStoreException klass: 0x0000000100004d48
java/lang/VirtualMachineError klass: 0x0000000100004fb0
java/lang/OutOfMemoryError klass: 0x0000000100005218
java/lang/StackOverflowError klass: 0x0000000100005480
java/lang/IllegalMonitorStateException klass: 0x00000001000056e8
java/lang/ref/Reference klass: 0x0000000100005950
java/lang/ref/SoftReference klass: 0x0000000100005b88
java/lang/ref/WeakReference klass: 0x0000000100005dc0
java/lang/ref/FinalReference klass: 0x0000000100005ff8
java/lang/ref/PhantomReference klass: 0x0000000100006230
java/lang/ref/Finalizer klass: 0x0000000100006468
java/lang/Runnable klass: 0x00000001000066a8
java/lang/Thread klass: 0x00000001000068b0
java/lang/Thread$UncaughtExceptionHandler klass: 0x0000000100006b58
java/lang/ThreadGroup klass: 0x0000000100006d60
java/util/Map klass: 0x0000000100007008
java/util/Dictionary klass: 0x0000000100007210
java/util/Hashtable klass: 0x0000000100007458
java/util/Properties klass: 0x0000000100007830
java/lang/Module klass: 0x0000000100007c98
java/lang/reflect/AccessibleObject klass: 0x0000000100007f20
java/lang/reflect/Member klass: 0x00000001000081e8
java/lang/reflect/Field klass: 0x00000001000083f0
java/lang/reflect/Parameter klass: 0x00000001000086f0
java/lang/reflect/Executable klass: 0x0000000100008958
java/lang/reflect/Method klass: 0x0000000100008db0
java/lang/reflect/Constructor klass: 0x0000000100009210
jdk/internal/reflect/MagicAccessorImpl klass: 0x0000000100009670
jdk/internal/reflect/MethodAccessor klass: 0x0000000100009880
jdk/internal/reflect/MethodAccessorImpl klass: 0x0000000100009a88
jdk/internal/reflect/ConstructorAccessor klass: 0x0000000100009cb8
jdk/internal/reflect/ConstructorAccessorImpl klass: 0x0000000100009ec0
jdk/internal/reflect/DelegatingClassLoader klass: 0x000000010000a0f0
jdk/internal/reflect/ConstantPool klass: 0x000000010000a400
jdk/internal/reflect/FieldAccessor klass: 0x000000010000a6a8
jdk/internal/reflect/FieldAccessorImpl klass: 0x000000010000a8b0
jdk/internal/reflect/UnsafeFieldAccessorImpl klass: 0x000000010000abf0
jdk/internal/reflect/UnsafeStaticFieldAccessorImpl klass: 0x000000010000b030
java/lang/annotation/Annotation klass: 0x000000010000b470
jdk/internal/reflect/CallerSensitive klass: 0x000000010000b678
java/lang/invoke/MethodHandle klass: 0x000000010000b880
java/lang/invoke/DirectMethodHandle klass: 0x000000010000bba0
java/lang/invoke/VarHandle klass: 0x000000010000bef8
java/lang/invoke/MemberName klass: 0x000000010000c120
java/lang/invoke/ResolvedMethodName klass: 0x000000010000c368
java/lang/invoke/MethodHandleNatives klass: 0x000000010000c580
java/lang/invoke/LambdaForm klass: 0x000000010000c790
java/lang/invoke/MethodType klass: 0x000000010000ca70
java/lang/BootstrapMethodError klass: 0x000000010000cc88
java/lang/invoke/CallSite klass: 0x000000010000cef0
java/lang/invoke/MethodHandleNatives$CallSiteContext klass: 0x000000010000d150
java/lang/invoke/ConstantCallSite klass: 0x000000010000d380
java/lang/invoke/MutableCallSite klass: 0x000000010000d5e0
java/lang/invoke/VolatileCallSite klass: 0x000000010000d840
java/lang/AssertionStatusDirectives klass: 0x000000010000daa0
java/lang/Appendable klass: 0x000000010000dcb8
java/lang/AbstractStringBuilder klass: 0x000000010000dec0
java/lang/StringBuffer klass: 0x000000010000e310
java/lang/StringBuilder klass: 0x000000010000e778
jdk/internal/misc/Unsafe klass: 0x000000010000ebe0
jdk/internal/module/Modules klass: 0x000000010000edf0
java/lang/AutoCloseable klass: 0x000000010000f000
java/io/Closeable klass: 0x000000010000f208
java/io/InputStream klass: 0x000000010000f410
java/io/ByteArrayInputStream klass: 0x000000010000f6b8
java/net/URL klass: 0x000000010000f968
java/util/jar/Manifest klass: 0x000000010000fb80
jdk/internal/loader/ClassLoaders klass: 0x000000010000fdd0
jdk/internal/loader/BuiltinClassLoader klass: 0x000000010000ffe0
jdk/internal/loader/ClassLoaders$AppClassLoader klass: 0x0000000100010338
jdk/internal/loader/ClassLoaders$PlatformClassLoader klass: 0x0000000100010698
java/security/CodeSource klass: 0x00000001000109f0
java/lang/StackTraceElement klass: 0x0000000100010c20
java/nio/Buffer klass: 0x0000000100010e38
java/lang/StackWalker klass: 0x00000001000110c0
java/lang/StackStreamFactory$AbstractStackWalker klass: 0x00000001000112d8
java/lang/StackWalker$StackFrame klass: 0x0000000100011510
java/lang/StackFrameInfo klass: 0x0000000100011718
java/lang/LiveStackFrame klass: 0x00000001000119e8
java/lang/LiveStackFrameInfo klass: 0x0000000100011bf0
java/util/concurrent/locks/AbstractOwnableSynchronizer klass: 0x0000000100011f30
java/lang/Boolean klass: 0x0000000100012148
java/lang/Character klass: 0x0000000100012370
java/lang/Number klass: 0x0000000100012598
java/lang/Float klass: 0x00000001000127d8
java/lang/Double klass: 0x0000000100012a30
java/lang/Byte klass: 0x0000000100012c88
java/lang/Short klass: 0x0000000100012ee0
java/lang/Integer klass: 0x0000000100013138
java/lang/Long klass: 0x0000000100013390
java/dyn/CoroutineSupport klass: 0x00000001000135e8
java/dyn/CoroutineBase klass: 0x0000000100013868
com/alibaba/wisp/engine/WispTask klass: 0x0000000100013a90
java/dyn/Coroutine klass: 0x0000000100013da8
com/alibaba/wisp/engine/WispTask$CacheableCoroutine klass: 0x0000000100013ff0
java/util/concurrent/Executor klass: 0x0000000100014238
java/util/concurrent/ExecutorService klass: 0x0000000100014440
java/util/concurrent/AbstractExecutorService klass: 0x0000000100014648
com/alibaba/wisp/engine/WispControlGroup klass: 0x0000000100014958
com/alibaba/wisp/engine/WispControlGroup$CpuLimit klass: 0x0000000100014c98
com/alibaba/rcm/ResourceContainer klass: 0x0000000100014ea8
com/alibaba/rcm/internal/AbstractResourceContainer klass: 0x00000001000150b0
com/alibaba/wisp/engine/WispEngine klass: 0x0000000100015378
com/alibaba/wisp/engine/WispCarrier klass: 0x00000001000156a8
com/alibaba/wisp/engine/WispEventPump klass: 0x00000001000158d8
com/alibaba/util/QuickStart klass: 0x0000000100015b10
com/alibaba/util/CDSDumpHook klass: 0x0000000100015d20
com/alibaba/util/AOTDumpHook klass: 0x0000000100015f30
com/alibaba/sat/SATRunnerHelper klass: 0x0000000100016140
java/util/Iterator klass: 0x0000000100016350
jdk/internal/vm/vector/VectorSupport klass: 0x0000000100016558
jdk/internal/vm/vector/VectorSupport$VectorPayload klass: 0x0000000100016768
jdk/internal/vm/vector/VectorSupport$Vector klass: 0x0000000100016980
jdk/internal/vm/vector/VectorSupport$VectorMask klass: 0x0000000100016b98
jdk/internal/vm/vector/VectorSupport$VectorShuffle klass: 0x0000000100016db0
java/lang/NullPointerException klass: 0x0000000100017bc8
java/lang/ArithmeticException klass: 0x0000000100017e30
java/io/ObjectStreamField klass: 0x0000000100018898
java/util/Comparator klass: 0x0000000100018f20
java/lang/String$CaseInsensitiveComparator klass: 0x0000000100019128
java/security/AccessController klass: 0x00000001000199d8
jdk/internal/misc/RCMAccesss klass: 0x0000000100019be8
com/alibaba/rcm/internal/AbstractResourceContainer$2 klass: 0x0000000100019df0
jdk/internal/misc/SharedSecrets klass: 0x000000010001a020
jdk/internal/misc/UnsafeAccess klass: 0x000000010001a230
jdk/internal/misc/Unsafe$1 klass: 0x000000010001a438
java/util/function/Predicate klass: 0x000000010001a678
com/alibaba/rcm/internal/AbstractResourceContainer$1 klass: 0x000000010001a880
com/alibaba/rcm/internal/AbstractResourceContainer$RootContainer klass: 0x000000010001aae8
com/alibaba/rcm/ResourceContainerMonitor klass: 0x000000010001adb0
java/util/concurrent/ConcurrentMap klass: 0x000000010001afc8
java/util/AbstractMap klass: 0x000000010001b1d0
java/util/concurrent/ConcurrentHashMap klass: 0x000000010001b578
java/lang/Runtime klass: 0x000000010001bb28
java/util/concurrent/locks/Lock klass: 0x000000010001bde8
java/util/concurrent/locks/ReentrantLock klass: 0x000000010001bff0
java/util/concurrent/ConcurrentHashMap$Segment klass: 0x000000010001c2b8
java/util/concurrent/ConcurrentHashMap$CounterCell klass: 0x000000010001cb80
java/util/Map$Entry klass: 0x000000010001cd90
java/util/concurrent/ConcurrentHashMap$Node klass: 0x000000010001cf98
java/util/concurrent/locks/LockSupport klass: 0x000000010001d5f0
java/util/concurrent/ConcurrentHashMap$ReservationNode klass: 0x000000010001d800
java/util/concurrent/atomic/AtomicLong klass: 0x000000010001da58
java/lang/Long$LongCache klass: 0x000000010001dc98
jdk/internal/misc/VM klass: 0x000000010001e2a8
java/lang/Iterable klass: 0x000000010001e4b8
java/util/Collection klass: 0x000000010001e6c0
java/util/Set klass: 0x000000010001e8c8
java/util/AbstractCollection klass: 0x000000010001ead0
java/util/ImmutableCollections$AbstractImmutableCollection klass: 0x000000010001ee50
java/util/ImmutableCollections$AbstractImmutableSet klass: 0x000000010001f1d0
java/util/ImmutableCollections$Set12 klass: 0x000000010001f5e0
java/util/Objects klass: 0x000000010001f9f8
java/security/PrivilegedAction klass: 0x000000010001fc08
jdk/internal/reflect/ReflectionFactory$GetReflectionFactoryAction klass: 0x000000010001fe10
jdk/internal/misc/JavaLangClassLoaderAccess klass: 0x0000000100020038
java/lang/ClassLoader$1 klass: 0x0000000100020240
java/security/cert/Certificate klass: 0x0000000100020480
java/util/AbstractSet klass: 0x00000001000208c8
java/util/HashSet klass: 0x0000000100020cd8
java/util/HashMap klass: 0x00000001000210f0
jdk/internal/reflect/ReflectionFactory klass: 0x00000001000214e8
java/lang/ref/Reference$ReferenceHandler klass: 0x0000000100021780
jdk/internal/ref/Cleaner klass: 0x0000000100021a28
java/lang/ref/ReferenceQueue klass: 0x0000000100021c70
java/lang/ref/ReferenceQueue$Null klass: 0x0000000100021eb8
java/lang/ref/ReferenceQueue$Lock klass: 0x0000000100022108
jdk/internal/misc/JavaLangRefAccess klass: 0x0000000100022718
java/lang/ref/Reference$1 klass: 0x0000000100022920
java/lang/ref/Finalizer$FinalizerThread klass: 0x0000000100022b60
java/lang/StringLatin1 klass: 0x0000000100022e08
java/util/Properties$EntrySet klass: 0x0000000100023018
java/util/concurrent/ConcurrentHashMap$CollectionView klass: 0x0000000100023438
java/util/concurrent/ConcurrentHashMap$EntrySetView klass: 0x0000000100023790
java/util/Collections klass: 0x0000000100023b78
java/util/Collections$EmptySet klass: 0x0000000100023d88
java/util/RandomAccess klass: 0x0000000100024198
java/util/List klass: 0x00000001000243a0
java/util/AbstractList klass: 0x00000001000245a8
java/util/Collections$EmptyList klass: 0x0000000100024a80
java/util/Collections$EmptyMap klass: 0x0000000100024f58
java/util/Collections$SynchronizedCollection klass: 0x0000000100025300
java/util/Collections$SynchronizedSet klass: 0x0000000100025688
java/lang/reflect/Array klass: 0x0000000100025aa0
java/util/concurrent/ConcurrentHashMap$Traverser klass: 0x0000000100025cb0
java/util/concurrent/ConcurrentHashMap$BaseIterator klass: 0x0000000100025ec8
java/util/concurrent/ConcurrentHashMap$EntryIterator klass: 0x00000001000260e0
java/util/concurrent/ConcurrentHashMap$MapEntry klass: 0x0000000100026330
java/util/ImmutableCollections$AbstractImmutableMap klass: 0x0000000100026580
java/util/ImmutableCollections$MapN klass: 0x0000000100026928
java/lang/Math klass: 0x0000000100026cd8
jdk/internal/util/StaticProperty klass: 0x0000000100026ee8
java/lang/VersionProps klass: 0x00000001000270f8
com/alibaba/tenant/TenantGlobals klass: 0x0000000100027308
java/io/FileInputStream klass: 0x0000000100027518
java/io/FileDescriptor klass: 0x00000001000277d0
jdk/internal/misc/JavaIOFileDescriptorAccess klass: 0x00000001000279e8
java/io/FileDescriptor$1 klass: 0x0000000100027bf0
java/io/Flushable klass: 0x0000000100027eb0
java/io/OutputStream klass: 0x00000001000280b8
java/io/FileOutputStream klass: 0x0000000100028338
java/io/FilterInputStream klass: 0x00000001000285c8
java/io/BufferedInputStream klass: 0x0000000100028878
java/io/FilterOutputStream klass: 0x0000000100028b30
java/io/PrintStream klass: 0x0000000100028db8
java/io/BufferedOutputStream klass: 0x0000000100029170
java/io/Writer klass: 0x0000000100029400
java/io/OutputStreamWriter klass: 0x00000001000296f0
java/nio/charset/Charset klass: 0x00000001000299f0
java/nio/charset/spi/CharsetProvider klass: 0x0000000100029c58
sun/nio/cs/StandardCharsets klass: 0x0000000100029e78
java/lang/ThreadLocal klass: 0x000000010002a4a0
java/util/concurrent/atomic/AtomicInteger klass: 0x000000010002a6f0
sun/security/action/GetPropertyAction klass: 0x000000010002a930
sun/nio/cs/HistoricallyNamedCharset klass: 0x000000010002ab70
sun/nio/cs/Unicode klass: 0x000000010002ad78
sun/nio/cs/UTF_8 klass: 0x000000010002b000
sun/nio/cs/StreamEncoder klass: 0x000000010002b288
java/nio/charset/CharsetEncoder klass: 0x000000010002b5c8
sun/nio/cs/UTF_8$Encoder klass: 0x000000010002b838
java/nio/charset/CodingErrorAction klass: 0x000000010002baa8
java/util/Arrays klass: 0x000000010002bcc0
java/nio/ByteBuffer klass: 0x000000010002bed0
jdk/internal/misc/JavaNioAccess klass: 0x000000010002c328
java/nio/Buffer$1 klass: 0x000000010002c530
java/nio/HeapByteBuffer klass: 0x000000010002c780
java/nio/ByteOrder klass: 0x000000010002cbf8
java/io/BufferedWriter klass: 0x000000010002ce10
java/lang/Terminator klass: 0x000000010002d118
jdk/internal/misc/Signal$Handler klass: 0x000000010002d328
java/lang/Terminator$1 klass: 0x000000010002d530
jdk/internal/misc/Signal klass: 0x000000010002d760
java/util/Hashtable$Entry klass: 0x000000010002d978
jdk/internal/misc/Signal$NativeHandler klass: 0x000000010002dde0
java/lang/Integer$IntegerCache klass: 0x000000010002e008
jdk/internal/misc/OSEnvironment klass: 0x000000010002e418
jdk/internal/misc/JavaLangAccess klass: 0x000000010002e628
java/lang/System$2 klass: 0x000000010002e830
java/io/File klass: 0x000000010002ed90
java/io/DefaultFileSystem klass: 0x000000010002f130
java/io/FileSystem klass: 0x000000010002f340
java/io/UnixFileSystem klass: 0x000000010002f628
java/io/ExpiringCache klass: 0x000000010002f920
java/util/LinkedHashMap klass: 0x000000010002fb50
java/io/ExpiringCache$1 klass: 0x000000010002ffa0
java/lang/IllegalArgumentException klass: 0x00000001000303f0
java/lang/invoke/MethodHandleStatics klass: 0x0000000100030658
java/lang/CharacterData klass: 0x0000000100030868
java/lang/CharacterDataLatin1 klass: 0x0000000100030b38
jdk/internal/module/ModuleBootstrap klass: 0x0000000100030ed0
java/lang/module/ModuleDescriptor klass: 0x00000001000310e0
jdk/internal/misc/JavaLangModuleAccess klass: 0x0000000100031390
java/lang/module/ModuleDescriptor$1 klass: 0x0000000100031598
java/util/ImmutableCollections klass: 0x0000000100031878
jdk/internal/module/ModulePatcher klass: 0x0000000100031a88
java/util/ImmutableCollections$SetN klass: 0x0000000100031ca0
jdk/internal/module/ArchivedModuleGraph klass: 0x00000001000320b8
jdk/internal/module/SystemModuleFinders klass: 0x00000001000322d0
java/net/URI klass: 0x00000001000324e0
jdk/internal/misc/JavaNetUriAccess klass: 0x0000000100032710
java/net/URI$1 klass: 0x0000000100032918
jdk/internal/module/SystemModulesMap klass: 0x0000000100032b48
jdk/internal/module/SystemModules klass: 0x0000000100032d58
jdk/internal/module/SystemModules$default klass: 0x0000000100032f60
jdk/internal/module/Builder klass: 0x00000001000333c8
java/lang/module/ModuleDescriptor$Requires klass: 0x00000001000335e0
java/lang/module/ModuleDescriptor$Exports klass: 0x0000000100033a10
java/lang/module/ModuleDescriptor$Opens klass: 0x0000000100033e40
java/lang/module/ModuleDescriptor$Provides klass: 0x0000000100034270
java/util/ImmutableCollections$AbstractImmutableList klass: 0x00000001000346a0
java/util/ImmutableCollections$List12 klass: 0x0000000100034b78
java/lang/module/ModuleDescriptor$Version klass: 0x0000000100035058
java/util/ArrayList klass: 0x0000000100035288
java/lang/Enum klass: 0x00000001000357b8
java/lang/module/ModuleDescriptor$Modifier klass: 0x00000001000359f0
java/lang/module/ModuleDescriptor$Requires$Modifier klass: 0x0000000100036028
java/util/ImmutableCollections$ListN klass: 0x0000000100036460
jdk/internal/module/ModuleTarget klass: 0x0000000100036940
jdk/internal/module/ModuleHashes klass: 0x0000000100036d58
jdk/internal/module/ModuleHashes$Builder klass: 0x0000000100037170
java/util/HashMap$Node klass: 0x0000000100037398
java/util/LinkedHashMap$Entry klass: 0x00000001000377e8
java/util/HashMap$TreeNode klass: 0x0000000100037a38
java/util/Collections$UnmodifiableMap klass: 0x0000000100037c90
jdk/internal/module/ModuleResolution klass: 0x0000000100038038
java/lang/module/ModuleReference klass: 0x0000000100038448
java/util/function/Supplier klass: 0x0000000100038868
jdk/internal/module/SystemModuleFinders$2 klass: 0x0000000100038a70
jdk/internal/module/ModuleReferenceImpl klass: 0x0000000100038cb0
java/util/KeyValueHolder klass: 0x0000000100038f08
jdk/internal/module/ModuleHashes$HashSupplier klass: 0x0000000100039158
jdk/internal/module/SystemModuleFinders$3 klass: 0x0000000100039360
java/lang/module/ModuleFinder klass: 0x0000000100039598
jdk/internal/module/SystemModuleFinders$SystemModuleFinder klass: 0x00000001000397a0
jdk/internal/module/ModuleBootstrap$Counters klass: 0x00000001000399e8
java/util/Optional klass: 0x0000000100039bf8
jdk/internal/loader/BootLoader klass: 0x0000000100039e10
jdk/internal/module/ServicesCatalog klass: 0x000000010003a020
jdk/internal/loader/AbstractClassLoaderValue klass: 0x000000010003a238
jdk/internal/loader/ClassLoaderValue klass: 0x000000010003a488
jdk/internal/loader/ClassLoaders$BootClassLoader klass: 0x000000010003a6d8
jdk/internal/reflect/Reflection klass: 0x000000010003aa30
java/lang/ClassLoader$ParallelLoaders klass: 0x000000010003ac40
java/util/WeakHashMap klass: 0x000000010003ae50
java/util/WeakHashMap$Entry klass: 0x000000010003b218
java/util/Collections$SetFromMap klass: 0x000000010003baa8
java/util/WeakHashMap$KeySet klass: 0x000000010003bec0
jdk/internal/loader/URLClassPath klass: 0x000000010003c2d8
java/net/URLStreamHandlerFactory klass: 0x000000010003c540
java/net/URL$DefaultFactory klass: 0x000000010003c748
jdk/internal/misc/JavaNetURLAccess klass: 0x000000010003c978
java/net/URL$3 klass: 0x000000010003cb80
java/io/File$PathStatus klass: 0x000000010003cdb0
java/io/ExpiringCache$Entry klass: 0x000000010003d1e8
sun/net/www/ParseUtil klass: 0x000000010003d420
java/net/URLStreamHandler klass: 0x000000010003d630
sun/net/www/protocol/file/Handler klass: 0x000000010003d8a0
java/lang/Class$ReflectionData klass: 0x000000010003db18
java/lang/Class$Atomic klass: 0x000000010003dd30
java/lang/reflect/Modifier klass: 0x000000010003e740
jdk/internal/reflect/LangReflectAccess klass: 0x000000010003e950
java/lang/reflect/ReflectAccess klass: 0x000000010003eb58
java/lang/Class$1 klass: 0x000000010003ee98
jdk/internal/reflect/NativeConstructorAccessorImpl klass: 0x000000010003f0d8
jdk/internal/reflect/DelegatingConstructorAccessorImpl klass: 0x000000010003f318
sun/net/util/IPAddressUtil klass: 0x000000010003f558
java/util/Queue klass: 0x000000010003f768
java/util/Deque klass: 0x000000010003f970
java/util/ArrayDeque klass: 0x000000010003fb78
jdk/internal/util/Preconditions klass: 0x0000000100040190
java/util/Vector klass: 0x00000001000403a0
jdk/internal/misc/JavaSecurityAccess klass: 0x0000000100040918
java/security/ProtectionDomain$JavaSecurityAccessImpl klass: 0x0000000100040b20
java/security/ProtectionDomain$Key klass: 0x0000000100040d80
java/security/Principal klass: 0x0000000100040f98
jdk/internal/loader/BuiltinClassLoader$LoadedModule klass: 0x00000001000413a0
sun/net/www/protocol/jrt/Handler klass: 0x00000001000415d8
java/util/ImmutableCollections$SetN$SetNIterator klass: 0x0000000100041848
java/lang/module/Configuration klass: 0x0000000100041aa0
java/lang/module/ResolvedModule klass: 0x0000000100041cb8
java/util/AbstractMap$1 klass: 0x00000001000420d0
java/util/AbstractMap$1$1 klass: 0x00000001000424e8
java/util/ImmutableCollections$MapN$1 klass: 0x0000000100042750
java/util/ImmutableCollections$MapN$MapNIterator klass: 0x0000000100042b68
java/util/ImmutableCollections$Set12$1 klass: 0x0000000100042dd8
jdk/internal/module/ModuleLoaderMap klass: 0x0000000100043040
java/util/function/Function klass: 0x0000000100043250
jdk/internal/module/ModuleLoaderMap$Mapper klass: 0x0000000100043458
java/util/concurrent/ConcurrentHashMap$ForwardingNode klass: 0x00000001000436a8
java/lang/ModuleLayer klass: 0x0000000100043900
java/util/ListIterator klass: 0x0000000100043d18
java/util/ImmutableCollections$ListItr klass: 0x0000000100043f20
java/util/ArrayList$Itr klass: 0x00000001000441c8
java/util/Collections$UnmodifiableCollection klass: 0x0000000100044430
java/util/Collections$UnmodifiableSet klass: 0x00000001000447b8
java/util/Collections$UnmodifiableCollection$1 klass: 0x0000000100044bd0
java/util/concurrent/CopyOnWriteArrayList klass: 0x0000000100044e38
jdk/internal/module/ServicesCatalog$ServiceProvider klass: 0x0000000100045350
java/util/HashMap$KeySet klass: 0x0000000100045568
java/util/HashMap$HashIterator klass: 0x0000000100045980
java/util/HashMap$KeyIterator klass: 0x0000000100045b98
java/lang/ModuleLayer$Controller klass: 0x0000000100045de8
java/lang/invoke/LambdaMetafactory klass: 0x0000000100046000
java/lang/invoke/MethodHandles$Lookup klass: 0x0000000100046210
java/lang/invoke/MethodType$ConcurrentWeakInternSet klass: 0x0000000100046428
java/lang/invoke/MethodType$ConcurrentWeakInternSet$WeakEntry klass: 0x0000000100046850
java/lang/Void klass: 0x0000000100046a88
java/lang/invoke/MethodTypeForm klass: 0x0000000100046c98
java/lang/invoke/MethodHandles klass: 0x00000001000470b8
java/lang/invoke/MemberName$Factory klass: 0x00000001000472c8
java/security/Guard klass: 0x0000000100047520
java/security/Permission klass: 0x0000000100047728
java/security/BasicPermission klass: 0x0000000100047978
java/lang/reflect/ReflectPermission klass: 0x0000000100047bd0
sun/invoke/util/VerifyAccess klass: 0x0000000100048028
sun/invoke/util/Wrapper klass: 0x0000000100048238
sun/invoke/util/Wrapper$Format klass: 0x0000000100048478
java/lang/invoke/LambdaForm$NamedFunction klass: 0x0000000100048a88
java/lang/invoke/DirectMethodHandle$Holder klass: 0x0000000100048f08
sun/invoke/util/ValueConversions klass: 0x0000000100049118
java/lang/invoke/MethodHandleImpl klass: 0x0000000100049328
java/lang/invoke/Invokers klass: 0x0000000100049538
java/lang/invoke/LambdaForm$Kind klass: 0x0000000100049780
java/lang/NoSuchMethodException klass: 0x0000000100049bb8
java/lang/invoke/LambdaForm$BasicType klass: 0x0000000100049e20
java/lang/invoke/LambdaForm$Name klass: 0x000000010004a260
java/lang/invoke/LambdaForm$Holder klass: 0x000000010004ac78
java/lang/invoke/MethodHandleImpl$Intrinsic klass: 0x000000010004ae88
java/lang/invoke/InvokerBytecodeGenerator klass: 0x000000010004b2c0
java/lang/invoke/InvokerBytecodeGenerator$2 klass: 0x000000010004b540
java/lang/invoke/BootstrapMethodInvoker klass: 0x000000010004b750
java/lang/invoke/Invokers$Holder klass: 0x000000010004b960
jdk/internal/misc/JavaLangInvokeAccess klass: 0x000000010004bb70
java/lang/invoke/MethodHandleImpl$1 klass: 0x000000010004bd78
java/lang/invoke/AbstractValidatingLambdaMetafactory klass: 0x000000010004c048
java/lang/invoke/InnerClassLambdaMetafactory klass: 0x000000010004c270
jdk/internal/org/objectweb/asm/Type klass: 0x000000010004c498
sun/security/action/GetBooleanAction klass: 0x000000010004c908
java/lang/invoke/MethodHandleInfo klass: 0x000000010004cb48
java/lang/invoke/InfoFromMemberName klass: 0x000000010004cd50
sun/invoke/util/BytecodeDescriptor klass: 0x000000010004cfb8
jdk/internal/org/objectweb/asm/ClassVisitor klass: 0x000000010004d1c8
jdk/internal/org/objectweb/asm/ClassWriter klass: 0x000000010004d438
jdk/internal/org/objectweb/asm/ByteVector klass: 0x000000010004d790
jdk/internal/org/objectweb/asm/Item klass: 0x000000010004d9f0
jdk/internal/org/objectweb/asm/MethodVisitor klass: 0x000000010004de08
jdk/internal/org/objectweb/asm/MethodWriter klass: 0x000000010004e118
jdk/internal/org/objectweb/asm/Label klass: 0x000000010004e430
jdk/internal/org/objectweb/asm/Frame klass: 0x000000010004e688
jdk/internal/org/objectweb/asm/AnnotationVisitor klass: 0x000000010004e8a8
jdk/internal/org/objectweb/asm/AnnotationWriter klass: 0x000000010004eae8
java/lang/invoke/TypeConvertingMethodAdapter klass: 0x000000010004ed30
java/lang/invoke/InnerClassLambdaMetafactory$ForwardingMethodGenerator klass: 0x000000010004f078
java/lang/invoke/InnerClassLambdaMetafactory$1 klass: 0x000000010004f5c8
java/lang/invoke/BoundMethodHandle klass: 0x000000010004f808
java/lang/invoke/ClassSpecializer klass: 0x000000010004fbb0
java/lang/invoke/BoundMethodHandle$Specializer klass: 0x000000010004fde8
java/lang/invoke/ClassSpecializer$1 klass: 0x0000000100050020
java/lang/invoke/ClassSpecializer$SpeciesData klass: 0x0000000100050270
java/lang/invoke/BoundMethodHandle$SpeciesData klass: 0x00000001000504f0
java/util/ImmutableCollections$SubList klass: 0x0000000100050770
java/lang/invoke/ClassSpecializer$Factory klass: 0x0000000100050c50
java/lang/invoke/BoundMethodHandle$Specializer$Factory klass: 0x0000000100050eb0
java/lang/invoke/SimpleMethodHandle klass: 0x0000000100051510
java/lang/NoSuchFieldException klass: 0x00000001000518b8
java/lang/invoke/BoundMethodHandle$Species_L klass: 0x0000000100051b20
sun/invoke/util/VerifyType klass: 0x0000000100051ec8
sun/invoke/empty/Empty klass: 0x00000001000520d8
java/lang/invoke/DirectMethodHandle$1 klass: 0x00000001000522e8
java/lang/invoke/DirectMethodHandle$Accessor klass: 0x00000001000524f8
sun/invoke/util/Wrapper$1 klass: 0x0000000100052870
java/lang/invoke/DelegatingMethodHandle klass: 0x0000000100052a80
java/lang/invoke/MethodHandleImpl$IntrinsicMethodHandle klass: 0x0000000100052de8
java/lang/invoke/DelegatingMethodHandle$Holder klass: 0x0000000100053150
java/lang/invoke/LambdaFormEditor klass: 0x0000000100053360
java/lang/invoke/LambdaFormEditor$Transform klass: 0x0000000100053600
java/lang/invoke/LambdaFormBuffer klass: 0x0000000100053840
java/lang/invoke/InvokerBytecodeGenerator$CpPatch klass: 0x0000000100053a58
jdk/internal/ref/CleanerFactory klass: 0x0000000100053c70
java/util/concurrent/ThreadFactory klass: 0x0000000100053e80
jdk/internal/ref/CleanerFactory$1 klass: 0x0000000100054088
java/lang/ref/Cleaner klass: 0x00000001000542b8
java/lang/ref/Cleaner$1 klass: 0x00000001000544d0
jdk/internal/ref/CleanerImpl klass: 0x0000000100054728
java/lang/ref/Cleaner$Cleanable klass: 0x0000000100054958
jdk/internal/ref/PhantomCleanable klass: 0x0000000100054b60
jdk/internal/ref/CleanerImpl$PhantomCleanableRef klass: 0x0000000100054dc8
jdk/internal/ref/WeakCleanable klass: 0x0000000100055030
jdk/internal/ref/CleanerImpl$WeakCleanableRef klass: 0x0000000100055298
jdk/internal/ref/SoftCleanable klass: 0x0000000100055500
jdk/internal/ref/CleanerImpl$SoftCleanableRef klass: 0x0000000100055768
jdk/internal/ref/CleanerImpl$CleanerCleanable klass: 0x00000001000559d0
jdk/internal/misc/InnocuousThread klass: 0x0000000100055c38
java/util/HashMap$EntrySet klass: 0x00000001000560e0
java/util/HashMap$EntryIterator klass: 0x00000001000564f8
java/util/ArrayList$SubList klass: 0x0000000100056748
java/lang/Module$ReflectionData klass: 0x0000000100056c28
java/lang/WeakPairMap klass: 0x0000000100056e38
java/lang/WeakPairMap$Pair klass: 0x0000000100057050
java/lang/WeakPairMap$Pair$Lookup klass: 0x0000000100057258
java/util/function/BiFunction klass: 0x0000000100057490
java/lang/WeakPairMap$WeakRefPeer klass: 0x0000000100057698
java/lang/WeakPairMap$Pair$Weak klass: 0x00000001000578d8
java/lang/WeakPairMap$Pair$Weak$1 klass: 0x0000000100057b40
jdk/internal/org/objectweb/asm/FieldVisitor klass: 0x0000000100057d90
jdk/internal/org/objectweb/asm/FieldWriter klass: 0x0000000100057fc8
jdk/internal/module/IllegalAccessLogger$Mode klass: 0x0000000100058208
jdk/internal/module/IllegalAccessLogger$Builder klass: 0x0000000100058640
java/util/HashMap$Values klass: 0x0000000100058870
java/util/HashMap$ValueIterator klass: 0x0000000100058bf8
jdk/internal/module/ModuleBootstrap$2 klass: 0x0000000100058e48
jdk/internal/module/IllegalAccessLogger klass: 0x00000001000590b0
com/alibaba/util/Utils klass: 0x00000001000592c8
java/nio/file/Watchable klass: 0x00000001000594d8
java/nio/file/Path klass: 0x00000001000596e0
java/nio/file/FileSystems klass: 0x00000001000598e8
java/nio/file/FileSystems$DefaultFileSystemHolder klass: 0x0000000100059af8
java/nio/file/FileSystems$DefaultFileSystemHolder$1 klass: 0x0000000100059d08
sun/nio/fs/DefaultFileSystemProvider klass: 0x0000000100059f40
java/nio/file/spi/FileSystemProvider klass: 0x000000010005a150
sun/nio/fs/AbstractFileSystemProvider klass: 0x000000010005a438
sun/nio/fs/UnixFileSystemProvider klass: 0x000000010005a748
sun/nio/fs/LinuxFileSystemProvider klass: 0x000000010005aa90
java/nio/file/OpenOption klass: 0x000000010005ae00
java/nio/file/StandardOpenOption klass: 0x000000010005b008
java/nio/file/FileSystem klass: 0x000000010005b640
sun/nio/fs/UnixFileSystem klass: 0x000000010005b8e0
sun/nio/fs/LinuxFileSystem klass: 0x000000010005bbd8
sun/nio/fs/UnixPath klass: 0x000000010005bef8
sun/nio/fs/Util klass: 0x000000010005c3f0
java/lang/StringCoding klass: 0x000000010005c600
sun/nio/cs/ISO_8859_1 klass: 0x000000010005c810
sun/nio/cs/US_ASCII klass: 0x000000010005ca98
java/lang/StringCoding$1 klass: 0x000000010005cd20
sun/nio/fs/UnixNativeDispatcher klass: 0x000000010005cf78
sun/nio/fs/UnixNativeDispatcher$1 klass: 0x000000010005d188
java/lang/ClassLoader$3 klass: 0x000000010005d3c0
java/lang/ClassLoader$NativeLibrary klass: 0x000000010005d600
java/util/ArrayDeque$DeqIterator klass: 0x000000010005d830
java/util/concurrent/ConcurrentHashMap$ValuesView klass: 0x000000010005da90
java/util/Enumeration klass: 0x000000010005dde8
java/util/concurrent/ConcurrentHashMap$ValueIterator klass: 0x000000010005dff0
java/nio/file/attribute/BasicFileAttributes klass: 0x000000010005e270
java/nio/file/attribute/PosixFileAttributes klass: 0x000000010005e478
sun/nio/fs/UnixFileAttributes klass: 0x000000010005e680
sun/nio/fs/UnixFileStoreAttributes klass: 0x000000010005e9d8
sun/nio/fs/UnixMountEntry klass: 0x000000010005ec08
java/lang/ThreadLocal$ThreadLocalMap klass: 0x000000010005ee60
java/lang/ThreadLocal$ThreadLocalMap$Entry klass: 0x000000010005f078
jdk/internal/misc/TerminatingThreadLocal klass: 0x000000010005f4b8
java/lang/Readable klass: 0x000000010005f710
java/nio/CharBuffer klass: 0x000000010005f918
java/nio/HeapCharBuffer klass: 0x0000000100061840
java/nio/charset/CoderResult klass: 0x0000000100061c88
java/net/URI$Parser klass: 0x0000000100062240
java/lang/StringCoding$Result klass: 0x0000000100062460
java/io/FileCleanable klass: 0x0000000100062840
java/util/Properties$LineReader klass: 0x0000000100062aa8
java/lang/StringUTF16 klass: 0x0000000100062cc8
java/io/FileInputStream$1 klass: 0x0000000100063040
com/alibaba/cds/CDSDumperHelper klass: 0x0000000100063290
com/alibaba/aot/AOTDumperHelper klass: 0x00000001000634a0
com/alibaba/util/QuickStart$QuickStartRole klass: 0x0000000100068040
java/lang/ApplicationShutdownHooks klass: 0x0000000100068478
java/lang/ApplicationShutdownHooks$1 klass: 0x0000000100068688
java/lang/Shutdown klass: 0x00000001000688b8
java/lang/Shutdown$Lock klass: 0x0000000100068ac8
java/util/IdentityHashMap klass: 0x0000000100068cd8
com/alibaba/util/CDSDumpHook$Info klass: 0x0000000100069088
sun/launcher/LauncherHelper klass: 0x00000001000692a8
sun/net/util/URLUtil klass: 0x00000001000694b8
java/util/Locale klass: 0x00000001000696c8
sun/util/locale/LocaleObjectCache klass: 0x00000001000698e0
java/util/Locale$Cache klass: 0x0000000100069b18
sun/util/locale/BaseLocale klass: 0x0000000100069d58
sun/util/locale/BaseLocale$Cache klass: 0x0000000100069f70
sun/util/locale/BaseLocale$Key klass: 0x000000010006a1b8
sun/util/locale/LocaleObjectCache$CacheEntry klass: 0x000000010006a3d0
sun/util/locale/LocaleUtils klass: 0x000000010006a618
sun/util/locale/InternalLocaleBuilder klass: 0x000000010006a828
sun/util/locale/InternalLocaleBuilder$CaseInsensitiveChar klass: 0x000000010006aa40
java/security/PrivilegedExceptionAction klass: 0x000000010006ac50
jdk/internal/loader/URLClassPath$3 klass: 0x000000010006ae58
jdk/internal/loader/URLClassPath$Loader klass: 0x000000010006b098
jdk/internal/loader/URLClassPath$FileLoader klass: 0x000000010006b310
jdk/internal/loader/Resource klass: 0x000000010006b598
jdk/internal/loader/URLClassPath$FileLoader$1 klass: 0x000000010006b808
java/lang/NamedPackage klass: 0x000000010006ba78
java/lang/Package klass: 0x000000010006bca8
java/lang/Package$VersionInfo klass: 0x000000010006bfa8
sun/nio/ByteBuffered klass: 0x000000010006c1c0
java/security/SecureClassLoader$CodeSourceKey klass: 0x000000010006c3c8
java/security/SecureClassLoader$1 klass: 0x000000010006c5e0
java/security/PermissionCollection klass: 0x000000010006c840
sun/security/util/LazyCodeSourcePermissionCollection klass: 0x000000010006ca80
java/security/Permissions klass: 0x000000010006ccc8
java/lang/RuntimePermission klass: 0x000000010006cf10
java/security/Permissions$1 klass: 0x000000010006d168
java/security/BasicPermissionCollection klass: 0x000000010006d3c8
java/security/AllPermission klass: 0x000000010006d610
java/security/UnresolvedPermission klass: 0x000000010006d860
java/security/SecureClassLoader$DebugHolder klass: 0x000000010006dab0
sun/security/util/Debug klass: 0x000000010006dcc0
com/aliyun/serverless/runtime/Bootstrap klass: 0x0000000100067040
com/aliyun/serverless/runtime/logging/InternalLoggerFactory klass: 0x0000000100067250
com/aliyun/serverless/runtime/logging/FcLoggerFactory klass: 0x0000000100067468
com/aliyun/serverless/runtime/client/Client klass: 0x0000000100066840
com/aliyun/serverless/runtime/handler/Handler klass: 0x0000000100066a48
java/util/concurrent/BlockingQueue klass: 0x000000010006def8
java/lang/PublicMethods$MethodList klass: 0x000000010006e300
java/lang/PublicMethods$Key klass: 0x000000010006e518
java/lang/IllegalStateException klass: 0x000000010006e730
com/aliyun/serverless/runtime/logging/encoder/Encoder klass: 0x0000000100066c50
com/aliyun/serverless/runtime/logging/Appender klass: 0x0000000100066040
com/aliyun/serverless/runtime/logging/InternalLogger klass: 0x0000000100066248
java/util/Collections$SingletonList klass: 0x000000010006e998
com/aliyun/serverless/runtime/logging/OutputStreamAppender klass: 0x0000000100066450
java/io/IOException klass: 0x000000010006ee78
com/aliyun/serverless/runtime/logging/encoder/SysLogEncoder klass: 0x0000000100065840
java/time/temporal/TemporalAccessor klass: 0x000000010006f0e0
com/aliyun/serverless/runtime/logging/SysLogOutputStream klass: 0x0000000100065a78
com/aliyun/serverless/runtime/logging/SysLogOutputStream$SysLogOutputStreamHolder klass: 0x0000000100065c88
java/lang/ProcessEnvironment klass: 0x000000010006f2e8
java/lang/ProcessEnvironment$ExternalData klass: 0x000000010006f6f8
java/lang/ProcessEnvironment$Variable klass: 0x000000010006f918
java/lang/ProcessEnvironment$Value klass: 0x000000010006fb60
java/lang/ProcessEnvironment$StringEnvironment klass: 0x0000000100070040
java/util/concurrent/locks/AbstractQueuedSynchronizer klass: 0x0000000100070408
java/util/concurrent/locks/ReentrantLock$Sync klass: 0x0000000100070650
java/util/concurrent/locks/ReentrantLock$NonfairSync klass: 0x0000000100070898
java/lang/invoke/VarHandles klass: 0x0000000100070ae0
java/lang/invoke/VarHandleInts$FieldInstanceReadOnly klass: 0x0000000100070cf0
java/lang/invoke/VarHandleInts$FieldInstanceReadWrite klass: 0x0000000100070f18
java/lang/invoke/VarHandle$1 klass: 0x0000000100071140
jdk/internal/util/Preconditions$1 klass: 0x0000000100071398
java/lang/invoke/VarHandleGuards klass: 0x00000001000715e8
java/lang/invoke/VarForm klass: 0x00000001000717f8
java/lang/invoke/VarHandle$AccessType klass: 0x0000000100071a10
java/lang/invoke/VarHandle$AccessMode klass: 0x0000000100071e50
java/util/concurrent/locks/AbstractQueuedSynchronizer$Node klass: 0x0000000100072488
java/lang/invoke/VarHandleObjects$FieldInstanceReadOnly klass: 0x00000001000726a0
java/lang/invoke/VarHandleObjects$FieldInstanceReadWrite klass: 0x00000001000728d0
com/aliyun/serverless/runtime/logging/encoder/UserLogEncoder klass: 0x0000000100078040
com/aliyun/serverless/runtime/logging/AbstractInternalLogger klass: 0x0000000100078278
com/aliyun/serverless/runtime/logging/Logger klass: 0x0000000100078768
com/aliyun/serverless/runtime/logging/Level klass: 0x0000000100078c60
com/aliyun/serverless/runtime/logging/MultipleAppender klass: 0x0000000100078e78
java/util/Arrays$ArrayList klass: 0x0000000100072b00
java/util/Collections$UnmodifiableList klass: 0x0000000100072fe0
java/util/Collections$UnmodifiableRandomAccessList klass: 0x00000001000734b8
com/aliyun/serverless/runtime/logging/LoggingEvent klass: 0x00000001000792a8
com/aliyun/serverless/runtime/logging/throwable/IThrowableProxy klass: 0x0000000100079500
com/aliyun/serverless/runtime/logging/LoggingEvent$EventArgUtil klass: 0x0000000100079708
com/aliyun/serverless/runtime/logging/Constants klass: 0x0000000100079918
java/time/format/DateTimeFormatter klass: 0x0000000100073990
java/time/format/DateTimeFormatterBuilder klass: 0x0000000100073ba8
java/time/ZoneId klass: 0x0000000100073dc0
java/time/temporal/TemporalQuery klass: 0x0000000100073ff8
java/lang/Character$CharacterCache klass: 0x0000000100074200
java/time/temporal/TemporalField klass: 0x0000000100074610
java/time/temporal/ChronoField klass: 0x0000000100074818
java/time/temporal/TemporalUnit klass: 0x0000000100074ac8
java/time/temporal/ChronoUnit klass: 0x0000000100074cd0
java/time/temporal/TemporalAmount klass: 0x0000000100074f58
java/time/Duration klass: 0x0000000100075160
java/math/BigInteger klass: 0x00000001000753b8
java/time/temporal/ValueRange klass: 0x0000000100076588
java/time/temporal/IsoFields klass: 0x0000000100076b98
java/time/temporal/IsoFields$Field klass: 0x0000000100076da8
java/time/temporal/IsoFields$Field$1 klass: 0x00000001000770a8
java/time/temporal/IsoFields$Field$2 klass: 0x00000001000773a8
java/time/temporal/IsoFields$Field$3 klass: 0x00000001000776a8
java/time/temporal/IsoFields$Field$4 klass: 0x00000001000779a8
java/time/temporal/IsoFields$Unit klass: 0x0000000100080040
java/time/temporal/JulianFields klass: 0x00000001000804c8
java/time/temporal/JulianFields$Field klass: 0x00000001000806d8
java/time/format/DateTimeFormatterBuilder$2 klass: 0x0000000100080b90
java/time/format/SignStyle klass: 0x0000000100080e40
java/time/format/DateTimeFormatterBuilder$DateTimePrinterParser klass: 0x0000000100081278
java/time/format/DateTimeFormatterBuilder$NumberPrinterParser klass: 0x0000000100081480
java/time/format/DateTimeFormatterBuilder$CharLiteralPrinterParser klass: 0x00000001000816f0
java/time/format/ResolverStyle klass: 0x0000000100081920
java/time/chrono/Chronology klass: 0x0000000100081d58
java/time/chrono/AbstractChronology klass: 0x0000000100081f60
java/time/chrono/IsoChronology klass: 0x00000001000823b0
java/util/Locale$Category klass: 0x0000000100082800
java/util/Locale$1 klass: 0x0000000100082c38
java/time/format/DateTimeFormatterBuilder$CompositePrinterParser klass: 0x0000000100082e48
java/time/format/DecimalStyle klass: 0x0000000100083280
java/time/format/DateTimeFormatterBuilder$SettingsParser klass: 0x0000000100083490
java/time/format/DateTimeFormatterBuilder$OffsetIdPrinterParser klass: 0x00000001000838e8
java/time/format/DateTimeFormatterBuilder$FractionPrinterParser klass: 0x0000000100083b20
java/time/format/DateTimeFormatterBuilder$ZoneIdPrinterParser klass: 0x0000000100083d90
java/time/format/DateTimeFormatterBuilder$StringLiteralPrinterParser klass: 0x0000000100083fe0
java/time/format/DateTimeFormatterBuilder$InstantPrinterParser klass: 0x0000000100084218
java/time/format/TextStyle klass: 0x0000000100084448
java/util/Collections$SingletonMap klass: 0x0000000100084880
java/time/format/DateTimeTextProvider$LocaleStore klass: 0x0000000100084c28
java/util/AbstractMap$SimpleImmutableEntry klass: 0x0000000100084e40
java/util/Collections$SingletonSet klass: 0x00000001000850a8
java/util/Collections$1 klass: 0x00000001000854c0
java/util/LinkedHashMap$LinkedEntrySet klass: 0x0000000100085728
java/util/LinkedHashMap$LinkedHashIterator klass: 0x0000000100085b40
java/util/LinkedHashMap$LinkedEntryIterator klass: 0x0000000100085d58
java/time/format/DateTimeTextProvider klass: 0x0000000100085fa8
java/time/format/DateTimeTextProvider$1 klass: 0x00000001000861d8
java/util/Arrays$LegacyMergeSort klass: 0x0000000100086488
java/util/TimSort klass: 0x0000000100086698
java/time/format/DateTimeFormatterBuilder$1 klass: 0x00000001000868b0
java/time/format/DateTimeFormatterBuilder$TextPrinterParser klass: 0x0000000100086ae8
java/time/chrono/ChronoPeriod klass: 0x0000000100086d20
java/time/Period klass: 0x0000000100086f28
java/util/TimeZone klass: 0x00000001000871f0
sun/util/calendar/ZoneInfo klass: 0x0000000100087478
sun/util/calendar/ZoneInfoFile klass: 0x0000000100087730
sun/util/calendar/ZoneInfoFile$1 klass: 0x0000000100087d40
java/io/DataInput klass: 0x0000000100088040
java/io/DataInputStream klass: 0x0000000100088248
sun/util/calendar/ZoneInfoFile$ZoneOffsetTransitionRule klass: 0x0000000100088580
java/time/ZoneRegion klass: 0x0000000100088998
java/time/zone/ZoneRulesProvider klass: 0x0000000100088bd8
java/time/zone/ZoneRulesProvider$1 klass: 0x0000000100088e08
java/time/zone/TzdbZoneRulesProvider klass: 0x0000000100089040
java/util/Arrays$ArrayItr klass: 0x0000000100089278
java/util/concurrent/ConcurrentHashMap$KeySetView klass: 0x00000001000894e0
java/util/concurrent/ConcurrentHashMap$KeyIterator klass: 0x00000001000898d0
java/util/ServiceLoader klass: 0x0000000100089b50
java/util/ServiceLoader$ModuleServicesLookupIterator klass: 0x0000000100089da0
jdk/internal/loader/AbstractClassLoaderValue$Memoizer klass: 0x0000000100089ff8
java/util/Spliterators klass: 0x000000010008a228
java/util/Spliterator klass: 0x000000010008a438
java/util/Spliterators$EmptySpliterator klass: 0x000000010008a640
java/util/Spliterators$EmptySpliterator$OfRef klass: 0x000000010008a878
java/util/Spliterator$OfPrimitive klass: 0x000000010008ab18
java/util/Spliterator$OfInt klass: 0x000000010008ad20
java/util/Spliterators$EmptySpliterator$OfInt klass: 0x000000010008af28
java/util/Spliterator$OfLong klass: 0x000000010008b288
java/util/Spliterators$EmptySpliterator$OfLong klass: 0x000000010008b490
java/util/Spliterator$OfDouble klass: 0x000000010008b7f0
java/util/Spliterators$EmptySpliterator$OfDouble klass: 0x000000010008b9f8
java/util/Spliterators$ArraySpliterator klass: 0x000000010008bd58
java/util/stream/StreamSupport klass: 0x000000010008bfd0
java/util/stream/BaseStream klass: 0x000000010008c1e0
java/util/stream/Stream klass: 0x000000010008c3e8
java/util/stream/PipelineHelper klass: 0x000000010008c5f0
java/util/stream/AbstractPipeline klass: 0x000000010008c850
java/util/stream/ReferencePipeline klass: 0x000000010008cb98
java/util/stream/ReferencePipeline$Head klass: 0x000000010008d058
java/util/stream/StreamOpFlag klass: 0x000000010008d518
java/util/stream/StreamOpFlag$Type klass: 0x000000010008d758
java/util/stream/StreamOpFlag$MaskBuilder klass: 0x000000010008db90
java/util/EnumMap klass: 0x000000010008ddd0
java/util/EnumMap$1 klass: 0x000000010008e190
java/lang/Class$3 klass: 0x000000010008e3a0
sun/reflect/annotation/AnnotationParser klass: 0x000000010008e5e0
jdk/internal/reflect/NativeMethodAccessorImpl klass: 0x000000010008e9f0
jdk/internal/reflect/DelegatingMethodAccessorImpl klass: 0x000000010008ec30
java/util/function/Consumer klass: 0x000000010008f070
java/util/Spliterators$1Adapter klass: 0x000000010008f278
java/util/ServiceLoader$LazyClassPathLookupIterator klass: 0x000000010008f510
java/util/ServiceLoader$2 klass: 0x000000010008f768
java/util/ServiceLoader$3 klass: 0x000000010008f9d8
jdk/internal/module/Resources klass: 0x0000000100090040
jdk/internal/loader/BuiltinClassLoader$2 klass: 0x0000000100090250
jdk/internal/loader/BuiltinClassLoader$5 klass: 0x0000000100090490
java/lang/module/ModuleReader klass: 0x00000001000906f0
jdk/internal/module/SystemModuleFinders$SystemModuleReader klass: 0x00000001000908f8
jdk/internal/module/SystemModuleFinders$SystemImage klass: 0x0000000100090bb0
jdk/internal/jimage/ImageReaderFactory klass: 0x0000000100090dc0
java/nio/file/Paths klass: 0x0000000100090fd0
jdk/internal/jimage/ImageReaderFactory$1 klass: 0x00000001000911e0
jdk/internal/jimage/ImageReader klass: 0x0000000100091438
jdk/internal/jimage/BasicImageReader klass: 0x0000000100091668
jdk/internal/jimage/ImageReader$SharedImageReader klass: 0x0000000100091920
jdk/internal/jimage/BasicImageReader$1 klass: 0x0000000100091bd8
jdk/internal/jimage/NativeImageBuffer klass: 0x0000000100091e18
jdk/internal/jimage/NativeImageBuffer$1 klass: 0x0000000100092028
sun/nio/ch/DirectBuffer klass: 0x0000000100092260
java/nio/MappedByteBuffer klass: 0x0000000100092468
java/nio/DirectByteBuffer klass: 0x00000001000928c0
java/nio/Bits klass: 0x0000000100092d60
jdk/internal/misc/JavaNioAccess$BufferPool klass: 0x0000000100092f70
java/nio/Bits$1 klass: 0x0000000100093178
jdk/internal/jimage/ImageHeader klass: 0x00000001000933d8
java/nio/IntBuffer klass: 0x00000001000935e8
java/nio/DirectIntBufferU klass: 0x0000000100093918
java/nio/DirectByteBufferR klass: 0x0000000100093c90
java/nio/DirectIntBufferRU klass: 0x0000000100094138
jdk/internal/jimage/ImageStrings klass: 0x00000001000944b8
jdk/internal/jimage/ImageStringsReader klass: 0x00000001000946c0
jdk/internal/jimage/decompressor/Decompressor klass: 0x0000000100094908
jdk/internal/jimage/ImageLocation klass: 0x0000000100094b20
java/util/Collections$EmptyIterator klass: 0x0000000100094dc8
jdk/internal/loader/URLClassPath$1 klass: 0x0000000100095028
jdk/internal/loader/BuiltinClassLoader$1 klass: 0x0000000100095288
java/util/Collections$EmptyEnumeration klass: 0x00000001000954e8
java/lang/CompoundEnumeration klass: 0x0000000100095738
jdk/internal/loader/URLClassPath$JarLoader klass: 0x0000000100095980
java/util/zip/ZipConstants klass: 0x0000000100095c40
java/util/zip/ZipFile klass: 0x0000000100095e48
jdk/internal/misc/JavaUtilZipFileAccess klass: 0x00000001000960d0
java/util/zip/ZipFile$1 klass: 0x00000001000962d8
sun/net/www/protocol/jar/Handler klass: 0x0000000100096588
jdk/internal/loader/URLClassPath$JarLoader$1 klass: 0x0000000100096800
jdk/internal/loader/FileURLMapper klass: 0x0000000100096a40
java/util/jar/JarFile klass: 0x0000000100096c68
jdk/internal/misc/JavaUtilJarAccess klass: 0x0000000100096f68
java/util/jar/JavaUtilJarAccessImpl klass: 0x0000000100097170
java/lang/Runtime$Version klass: 0x0000000100097430
java/util/zip/ZipCoder klass: 0x0000000100097660
java/util/zip/ZipCoder$UTF8 klass: 0x00000001000978b8
java/util/zip/ZipFile$CleanableResource klass: 0x0000000100097b10
java/util/zip/ZipFile$Source klass: 0x0000000100097d60
java/util/zip/ZipFile$Source$Key klass: 0x0000000100098040
java/nio/file/CopyOption klass: 0x0000000100098258
java/nio/file/LinkOption klass: 0x0000000100098460
java/nio/file/Files klass: 0x0000000100098a98
java/nio/file/attribute/DosFileAttributes klass: 0x0000000100098ca8
java/nio/file/attribute/AttributeView klass: 0x0000000100098eb0
java/nio/file/attribute/FileAttributeView klass: 0x00000001000990b8
java/nio/file/attribute/BasicFileAttributeView klass: 0x00000001000992c0
java/nio/file/attribute/DosFileAttributeView klass: 0x00000001000994c8
java/nio/file/attribute/UserDefinedFileAttributeView klass: 0x00000001000996d0
sun/nio/fs/UnixFileAttributeViews klass: 0x00000001000998d8
sun/nio/fs/DynamicFileAttributeView klass: 0x0000000100099ae8
sun/nio/fs/AbstractBasicFileAttributeView klass: 0x0000000100099cf0
sun/nio/fs/UnixFileAttributeViews$Basic klass: 0x0000000100099f98
sun/nio/fs/NativeBuffers klass: 0x000000010009a248
sun/nio/fs/NativeBuffers$1 klass: 0x000000010009a458
jdk/internal/misc/TerminatingThreadLocal$1 klass: 0x000000010009a6b8
java/util/IdentityHashMap$KeySet klass: 0x000000010009a910
sun/nio/fs/NativeBuffer klass: 0x000000010009ad28
sun/nio/fs/NativeBuffer$Deallocator klass: 0x000000010009af70
sun/nio/fs/UnixFileAttributes$UnixAsBasicFileAttributes klass: 0x000000010009b3a0
java/util/concurrent/TimeUnit klass: 0x000000010009b660
java/nio/file/attribute/FileTime klass: 0x000000010009ba98
java/io/DataOutput klass: 0x000000010009bcd0
java/io/RandomAccessFile klass: 0x000000010009bed8
jdk/internal/misc/JavaIORandomAccessFileAccess klass: 0x000000010009c288
java/io/RandomAccessFile$2 klass: 0x000000010009c490
java/util/concurrent/atomic/AtomicBoolean klass: 0x000000010009c6c0
java/util/zip/ZipFile$Source$End klass: 0x000000010009c8e0
java/util/zip/ZipUtils klass: 0x000000010009caf0
jdk/internal/perf/PerfCounter klass: 0x000000010009cd00
jdk/internal/perf/Perf$GetPerfAction klass: 0x000000010009cf48
jdk/internal/perf/Perf klass: 0x000000010009d180
jdk/internal/perf/PerfCounter$CoreCounters klass: 0x000000010009d390
java/nio/LongBuffer klass: 0x000000010009d5a0
java/nio/DirectLongBufferU klass: 0x000000010009d8d0
jdk/internal/util/jar/JarIndex klass: 0x000000010009dc48
java/util/jar/JarFile$1 klass: 0x000000010009de90
java/util/zip/ZipEntry klass: 0x000000010009e0f0
java/util/jar/JarEntry klass: 0x000000010009e3d0
java/util/jar/JarFile$JarFileEntry klass: 0x000000010009e6d0
java/util/zip/ZipFile$ZipFileInputStream klass: 0x000000010009e9e0
java/util/zip/InflaterInputStream klass: 0x000000010009ec98
java/util/zip/ZipFile$ZipFileInflaterInputStream klass: 0x000000010009ef58
java/util/zip/Inflater klass: 0x000000010009f220
java/util/zip/Inflater$InflaterZStreamRef klass: 0x000000010009f4d8
java/util/zip/ZipFile$InflaterCleanupAction klass: 0x000000010009f720
java/io/Externalizable klass: 0x000000010009f958
java/time/zone/Ser klass: 0x000000010009fb60
java/time/zone/ZoneRules klass: 0x000000010009fd98
java/time/zone/ZoneOffsetTransitionRule klass: 0x00000001000a0040
java/time/temporal/Temporal klass: 0x00000001000a0458
java/time/temporal/TemporalAdjuster klass: 0x00000001000a0660
java/time/chrono/ChronoLocalDateTime klass: 0x00000001000a0868
java/time/LocalDateTime klass: 0x00000001000a0a70
java/time/ZoneOffset klass: 0x00000001000a1880
java/time/Instant klass: 0x00000001000a1f28
java/time/format/DateTimePrintContext klass: 0x00000001000a2200
java/time/temporal/TemporalQueries klass: 0x00000001000a2418
java/time/temporal/TemporalQueries$1 klass: 0x00000001000a2628
java/time/temporal/TemporalQueries$2 klass: 0x00000001000a2860
java/time/temporal/TemporalQueries$3 klass: 0x00000001000a2a98
java/time/temporal/TemporalQueries$4 klass: 0x00000001000a2cd0
java/time/temporal/TemporalQueries$5 klass: 0x00000001000a2f08
java/time/temporal/TemporalQueries$6 klass: 0x00000001000a3140
java/time/temporal/TemporalQueries$7 klass: 0x00000001000a3378
java/time/chrono/ChronoZonedDateTime klass: 0x00000001000a35b0
java/time/ZonedDateTime klass: 0x00000001000a37b8
java/time/chrono/ChronoLocalDate klass: 0x00000001000a3c10
java/time/LocalDate klass: 0x00000001000a3e18
java/time/LocalTime klass: 0x00000001000a4218
java/time/ZonedDateTime$1 klass: 0x00000001000a46f0
java/time/LocalDate$1 klass: 0x00000001000a4900
java/time/format/DateTimeFormatterBuilder$3 klass: 0x00000001000a4b10
java/time/LocalTime$1 klass: 0x00000001000a4d20
java/math/BigDecimal klass: 0x00000001000a4f30
java/math/BigDecimal$1 klass: 0x00000001000a5330
java/math/RoundingMode klass: 0x00000001000a5988
java/nio/charset/StandardCharsets klass: 0x00000001000a5dc0
sun/nio/cs/UTF_16BE klass: 0x00000001000a5fd0
sun/nio/cs/UTF_16LE klass: 0x00000001000a6258
sun/nio/cs/UTF_16 klass: 0x00000001000a64e0
java/io/ByteArrayOutputStream klass: 0x00000001000a6768
java/lang/invoke/VarHandle$AccessDescriptor klass: 0x00000001000a6a30
com/aliyun/serverless/runtime/util/BootstrapUtil klass: 0x0000000100079b28
com/aliyun/serverless/runtime/logging/helpers/MessageFormatter klass: 0x0000000100079d38
com/aliyun/serverless/runtime/logging/helpers/FormattingTuple klass: 0x0000000100079f48
com/aliyun/serverless/runtime/client/RapisClient klass: 0x000000010007a178
com/aliyun/serverless/runtime/client/NativeLibraryLoader klass: 0x000000010007a3e8
java/lang/UnsatisfiedLinkError klass: 0x00000001000a6c48
java/io/FileNotFoundException klass: 0x00000001000a6eb0
java/lang/ClassLoaderHelper klass: 0x00000001000a7118
java/io/File$TempDirectory klass: 0x00000001000a7328
java/util/Random klass: 0x00000001000a7538
java/security/SecureRandom klass: 0x00000001000a7800
sun/security/jca/Providers klass: 0x00000001000a7d08
java/lang/InheritableThreadLocal klass: 0x00000001000a8040
sun/security/jca/ProviderList klass: 0x00000001000a82a0
sun/security/jca/ProviderConfig klass: 0x00000001000a84b8
java/security/Provider klass: 0x00000001000a88d0
sun/security/jca/ProviderList$3 klass: 0x00000001000a9798
sun/security/jca/ProviderList$1 klass: 0x00000001000a9c80
java/security/Provider$ServiceKey klass: 0x00000001000aa148
java/security/Provider$EngineDescription klass: 0x00000001000aa368
jdk/internal/math/FloatingDecimal klass: 0x00000001000aa588
jdk/internal/math/FloatingDecimal$BinaryToASCIIConverter klass: 0x00000001000aa798
jdk/internal/math/FloatingDecimal$ExceptionalBinaryToASCIIBuffer klass: 0x00000001000aa9a0
jdk/internal/math/FloatingDecimal$BinaryToASCIIBuffer klass: 0x00000001000aac48
jdk/internal/math/FloatingDecimal$1 klass: 0x00000001000aaef0
jdk/internal/math/FloatingDecimal$ASCIIToBinaryConverter klass: 0x00000001000ab148
jdk/internal/math/FloatingDecimal$PreparedASCIIToBinaryBuffer klass: 0x00000001000ab350
jdk/internal/math/FloatingDecimal$ASCIIToBinaryBuffer klass: 0x00000001000ab590
sun/security/jca/ProviderList$2 klass: 0x00000001000ab7d8
java/security/Security klass: 0x00000001000aba10
java/security/Security$1 klass: 0x00000001000abc20
java/util/AbstractList$Itr klass: 0x00000001000abe58
sun/security/provider/Sun klass: 0x00000001000ac0c0
sun/security/util/SecurityConstants klass: 0x00000001000ac588
java/net/NetPermission klass: 0x00000001000ac798
java/security/SecurityPermission klass: 0x00000001000ac9f0
java/net/SocketPermission klass: 0x00000001000acc48
sun/security/provider/SunEntries klass: 0x00000001000acea0
sun/security/provider/SunEntries$1 klass: 0x00000001000ad0b8
java/security/SecureRandomSpi klass: 0x00000001000ad2f0
sun/security/provider/NativePRNG klass: 0x00000001000ad530
sun/security/provider/NativePRNG$Variant klass: 0x00000001000ad770
sun/security/provider/NativePRNG$1 klass: 0x00000001000adba8
sun/security/provider/NativePRNG$2 klass: 0x00000001000adde8
sun/security/provider/NativePRNG$RandomIO klass: 0x00000001000adff8
sun/security/provider/FileInputStreamPool klass: 0x00000001000ae210
sun/security/provider/FileInputStreamPool$UnclosableInputStream klass: 0x00000001000ae420
sun/security/provider/FileInputStreamPool$StreamRef klass: 0x00000001000ae6d0
java/util/LinkedHashSet klass: 0x00000001000ae910
java/security/Provider$Service klass: 0x00000001000aed28
java/security/Provider$UString klass: 0x00000001000aef58
sun/security/provider/NativePRNG$Blocking klass: 0x00000001000af170
sun/security/provider/NativePRNG$NonBlocking klass: 0x00000001000af3b0
java/util/LinkedHashMap$LinkedKeySet klass: 0x00000001000af5f0
java/util/LinkedHashMap$LinkedKeyIterator klass: 0x00000001000afa08
java/security/SecureRandomParameters klass: 0x00000001000afc58
sun/security/provider/DRBG klass: 0x00000001000b0040
java/security/DrbgParameters$Capability klass: 0x00000001000b0288
sun/security/provider/MoreDrbgParameters klass: 0x00000001000b06c0
java/security/DrbgParameters klass: 0x00000001000b08d8
java/security/DrbgParameters$Instantiation klass: 0x00000001000b0ae8
sun/security/provider/AbstractDrbg klass: 0x00000001000b0d00
sun/security/provider/AbstractHashDrbg klass: 0x00000001000b0f48
sun/security/provider/HashDrbg klass: 0x00000001000b1198
sun/reflect/misc/ReflectUtil klass: 0x00000001000b13f0
java/lang/IncompatibleClassChangeError klass: 0x00000001000b1600
java/lang/NoSuchMethodError klass: 0x00000001000b1868
sun/security/provider/EntropySource klass: 0x00000001000b1ad0
java/security/DrbgParameters$NextBytes klass: 0x00000001000b1cd8
sun/security/provider/AbstractDrbg$SeederHolder klass: 0x00000001000b1ef0
sun/security/provider/SeedGenerator klass: 0x00000001000b2100
sun/security/provider/SeedGenerator$URLSeedGenerator klass: 0x00000001000b2318
sun/security/provider/SeedGenerator$URLSeedGenerator$1 klass: 0x00000001000b2540
java/security/MessageDigestSpi klass: 0x00000001000b2780
java/security/MessageDigest klass: 0x00000001000b29d0
sun/security/jca/GetInstance klass: 0x00000001000b2c60
sun/security/provider/DigestBase klass: 0x00000001000b2e70
sun/security/provider/SHA klass: 0x00000001000b30e0
sun/security/jca/GetInstance$Instance klass: 0x00000001000b3350
sun/security/util/MessageDigestSpi2 klass: 0x00000001000b3568
java/security/MessageDigest$Delegate klass: 0x00000001000b3770
sun/security/provider/SeedGenerator$1 klass: 0x00000001000b3a20
sun/security/provider/ByteArrayAccess klass: 0x00000001000b3c60
java/net/NetworkInterface klass: 0x00000001000b3e70
java/net/NetworkInterface$1 klass: 0x00000001000b4088
java/net/InterfaceAddress klass: 0x00000001000b42c0
java/net/InetAddress klass: 0x00000001000b44f0
java/net/InetAddress$1 klass: 0x00000001000b4798
jdk/internal/misc/JavaNetInetAddressAccess klass: 0x00000001000b49d0
java/net/InetAddress$2 klass: 0x00000001000b4bd8
java/net/InetAddress$InetAddressHolder klass: 0x00000001000b4e18
java/util/SortedSet klass: 0x00000001000b5058
java/util/NavigableSet klass: 0x00000001000b5260
java/util/concurrent/ConcurrentSkipListSet klass: 0x00000001000b5468
java/util/SortedMap klass: 0x00000001000b5ad8
java/util/NavigableMap klass: 0x00000001000b5ce0
java/util/concurrent/ConcurrentNavigableMap klass: 0x00000001000b5ee8
java/util/concurrent/ConcurrentSkipListMap klass: 0x00000001000b60f0
java/util/concurrent/ConcurrentSkipListMap$Index klass: 0x00000001000b69d8
java/util/concurrent/atomic/Striped64 klass: 0x00000001000b6bf0
java/util/concurrent/atomic/LongAdder klass: 0x00000001000b6e38
java/util/concurrent/ConcurrentSkipListMap$Node klass: 0x00000001000b70b0
java/net/InetAddressImplFactory klass: 0x00000001000b72c8
java/net/InetAddressImpl klass: 0x00000001000b74d8
java/net/Inet4AddressImpl klass: 0x00000001000b76e0
java/net/InetAddress$NameService klass: 0x00000001000b7968
java/net/InetAddress$PlatformNameService klass: 0x00000001000b7b70
java/net/Inet4Address klass: 0x00000001000b8040
java/net/Inet6Address klass: 0x00000001000b82e8
java/net/Inet6Address$Inet6AddressHolder klass: 0x00000001000b8590
java/net/DefaultInterface klass: 0x00000001000b8820
java/net/NetworkInterface$2 klass: 0x00000001000b9030
java/nio/file/DirectoryStream$Filter klass: 0x00000001000b9288
java/nio/file/Files$AcceptAllFilter klass: 0x00000001000b9490
java/nio/file/DirectoryStream klass: 0x00000001000b96c8
java/nio/file/SecureDirectoryStream klass: 0x00000001000b98d0
sun/nio/fs/UnixSecureDirectoryStream klass: 0x00000001000b9ad8
sun/nio/fs/UnixDirectoryStream klass: 0x00000001000b9e48
java/util/concurrent/locks/ReadWriteLock klass: 0x00000001000ba0f8
java/util/concurrent/locks/ReentrantReadWriteLock klass: 0x00000001000ba300
java/util/concurrent/locks/ReentrantReadWriteLock$Sync klass: 0x00000001000ba5b8
java/util/concurrent/locks/ReentrantReadWriteLock$FairSync klass: 0x00000001000ba818
java/util/concurrent/locks/ReentrantReadWriteLock$Sync$ThreadLocalHoldCounter klass: 0x00000001000baa78
java/util/concurrent/locks/ReentrantReadWriteLock$ReadLock klass: 0x00000001000bacc8
java/util/concurrent/locks/ReentrantReadWriteLock$WriteLock klass: 0x00000001000baf50
sun/nio/fs/UnixDirectoryStream$UnixDirectoryIterator klass: 0x00000001000bb1e8
sun/security/provider/AbstractDrbg$NonceProvider klass: 0x00000001000bb458
sun/security/provider/SHA2 klass: 0x00000001000bb668
sun/security/provider/SHA2$SHA256 klass: 0x00000001000bb8f0
java/net/URLConnection klass: 0x00000001000bbb78
sun/net/www/URLConnection klass: 0x00000001000bbed8
sun/net/www/protocol/file/FileURLConnection klass: 0x00000001000bc270
sun/net/www/MessageHeader klass: 0x00000001000bc610
sun/net/ProgressMonitor klass: 0x00000001000bc8d0
sun/net/ProgressMeteringPolicy klass: 0x00000001000bcb28
sun/net/DefaultProgressMeteringPolicy klass: 0x00000001000bcd30
java/io/FileOutputStream$1 klass: 0x00000001000bcf70
com/aliyun/serverless/runtime/handler/Dispatcher klass: 0x000000010007a5f8
com/aliyun/serverless/runtime/classloader/FunctionCodeUrlUtils klass: 0x000000010007a830
java/net/MalformedURLException klass: 0x00000001000bd1c0
java/util/AbstractSequentialList klass: 0x00000001000bd428
java/util/LinkedList klass: 0x00000001000bd900
java/util/LinkedList$Node klass: 0x00000001000be078
com/aliyun/serverless/runtime/classloader/FunctionCodeUrlUtils$$Lambda$15 klass: 0x00000001000c0c40
java/util/stream/ReferencePipeline$StatelessOp klass: 0x00000001000be290
java/util/stream/ReferencePipeline$2 klass: 0x00000001000be750
java/util/stream/StreamShape klass: 0x00000001000bec18
com/aliyun/serverless/runtime/classloader/FunctionCodeUrlUtils$$Lambda$16 klass: 0x00000001000c1440
java/util/stream/ForEachOps klass: 0x00000001000bf050
java/util/stream/TerminalOp klass: 0x00000001000bf260
java/util/stream/Sink klass: 0x00000001000bf468
java/util/stream/TerminalSink klass: 0x00000001000bf670
java/util/stream/ForEachOps$ForEachOp klass: 0x00000001000bf878
java/util/stream/ForEachOps$ForEachOp$OfRef klass: 0x00000001000bfbd8
java/util/stream/Sink$ChainedReference klass: 0x00000001000c8040
java/util/stream/ReferencePipeline$2$1 klass: 0x00000001000c8300
java/net/URLClassLoader klass: 0x00000001000c87c0
com/aliyun/serverless/runtime/classloader/PluginClassLoader klass: 0x000000010007aa40
com/aliyun/serverless/runtime/classloader/FunctionClassLoader klass: 0x000000010007adc0
jdk/internal/misc/JavaNetURLClassLoaderAccess klass: 0x00000001000c8b30
java/net/URLClassLoader$7 klass: 0x00000001000c8d38
com/aliyun/serverless/runtime/handler/InitializationHandler klass: 0x000000010007b140
com/fasterxml/jackson/core/JacksonException klass: 0x000000010007b378
com/fasterxml/jackson/core/JsonProcessingException klass: 0x000000010007b5f8
com/aliyun/serverless/runtime/handler/InvocationHandler klass: 0x000000010007b890
com/aliyun/serverless/runtime/client/InvocationRequest klass: 0x000000010007bac8
com/aliyun/serverless/runtime/client/InvocationRequest$FUNCTION_TYPE klass: 0x000000010007bea0
com/aliyun/serverless/runtime/handler/InvocationHandler$1 klass: 0x000000010007c2d8
java/lang/NoSuchFieldError klass: 0x00000001000c8f68
java/util/Formatter klass: 0x00000001000c91d0
java/util/regex/Pattern klass: 0x00000001000c9430
java/util/regex/Pattern$Node klass: 0x00000001000c9648
java/util/regex/Pattern$1 klass: 0x00000001000c9870
java/util/regex/Pattern$LastNode klass: 0x00000001000c9aa0
java/util/regex/Pattern$GroupHead klass: 0x00000001000c9cd0
java/util/regex/Pattern$CharPredicate klass: 0x00000001000ca300
java/util/regex/Pattern$BmpCharPredicate klass: 0x00000001000ca508
java/util/regex/Pattern$CharProperty klass: 0x00000001000ca710
java/util/regex/Pattern$BmpCharProperty klass: 0x00000001000ca948
java/util/regex/Pattern$GroupTail klass: 0x00000001000cab88
java/util/regex/CharPredicates klass: 0x00000001000cadb0
java/util/regex/Pattern$CharPropertyGreedy klass: 0x00000001000cafc0
java/util/regex/Pattern$BmpCharPropertyGreedy klass: 0x00000001000cb200
java/util/regex/Pattern$Ques klass: 0x00000001000cb440
java/util/regex/Pattern$Qtype klass: 0x00000001000cb668
java/util/regex/Pattern$BranchConn klass: 0x00000001000cbaa0
java/util/regex/Pattern$Branch klass: 0x00000001000cbcc8
java/util/regex/Pattern$BitClass klass: 0x00000001000cbef8
java/lang/invoke/DirectMethodHandle$Special klass: 0x00000001000cc138
java/util/regex/Pattern$SliceNode klass: 0x00000001000cc4b0
java/util/regex/Pattern$Slice klass: 0x00000001000cc6e0
java/util/regex/Pattern$Begin klass: 0x00000001000cc918
java/util/regex/Pattern$First klass: 0x00000001000ccb40
java/util/regex/Pattern$Start klass: 0x00000001000ccd68
java/util/regex/Pattern$TreeInfo klass: 0x00000001000ccfa0
java/text/DecimalFormatSymbols klass: 0x00000001000cd1b0
java/util/spi/LocaleServiceProvider klass: 0x00000001000cd4c8
java/text/spi/DecimalFormatSymbolsProvider klass: 0x00000001000cd6e8
sun/util/locale/provider/LocaleProviderAdapter klass: 0x00000001000cd910
sun/util/locale/provider/LocaleProviderAdapter$Type klass: 0x00000001000cdbb0
sun/util/locale/provider/ResourceBundleBasedAdapter klass: 0x00000001000cdfe8
sun/util/locale/provider/JRELocaleProviderAdapter klass: 0x00000001000ce1f0
sun/util/locale/provider/FallbackLocaleProviderAdapter klass: 0x00000001000ce4d8
sun/util/locale/provider/LocaleProviderAdapter$NonExistentAdapter klass: 0x00000001000ce7c0
sun/util/locale/LanguageTag klass: 0x00000001000ceaa8
sun/util/locale/provider/LocaleResources klass: 0x00000001000cecf8
sun/util/resources/LocaleData klass: 0x00000001000cef90
java/util/ResourceBundle$Control klass: 0x00000001000cf1f8
java/util/ResourceBundle$Control$CandidateListCache klass: 0x00000001000cf440
java/util/ResourceBundle klass: 0x00000001000cf680
sun/util/locale/provider/LocaleProviderAdapter$1 klass: 0x00000001000cf8d8
sun/util/cldr/CLDRLocaleProviderAdapter klass: 0x00000001000cfae8
sun/util/locale/provider/LocaleDataMetaInfo klass: 0x00000001000cfdd8
sun/util/cldr/CLDRBaseLocaleDataMetaInfo klass: 0x00000001000d0040
sun/util/locale/ParseStatus klass: 0x00000001000d02a8
sun/util/locale/StringTokenIterator klass: 0x00000001000d04e8
sun/util/cldr/CLDRLocaleProviderAdapter$1 klass: 0x00000001000d0748
java/util/concurrent/CopyOnWriteArrayList$COWIterator klass: 0x00000001000d0988
jdk/internal/module/ModulePatcher$PatchedModuleReader klass: 0x00000001000d0c28
sun/util/resources/cldr/provider/CLDRLocaleDataMetaInfo klass: 0x00000001000c6040
java/util/ServiceLoader$1 klass: 0x00000001000d0ee8
java/util/ServiceLoader$Provider klass: 0x00000001000d1128
java/util/ServiceLoader$ProviderImpl klass: 0x00000001000d1330
sun/util/locale/provider/AvailableLanguageTags klass: 0x00000001000d1590
sun/util/locale/provider/DecimalFormatSymbolsProviderImpl klass: 0x00000001000d1798
java/util/StringTokenizer klass: 0x00000001000d19e8
sun/util/locale/provider/CalendarDataUtility klass: 0x00000001000d1c60
sun/util/resources/LocaleData$1 klass: 0x00000001000d1e70
sun/util/resources/Bundles$Strategy klass: 0x00000001000d20b0
sun/util/resources/LocaleData$LocaleDataStrategy klass: 0x00000001000d22b8
sun/util/resources/Bundles klass: 0x00000001000d2510
sun/util/resources/Bundles$1 klass: 0x00000001000d2720
jdk/internal/misc/JavaUtilResourceBundleAccess klass: 0x00000001000d2978
java/util/ResourceBundle$1 klass: 0x00000001000d2b80
java/util/ResourceBundle$2 klass: 0x00000001000d2e00
sun/util/resources/Bundles$CacheKey klass: 0x00000001000d3058
java/util/ResourceBundle$SingleFormatControl klass: 0x00000001000d32a0
java/util/ResourceBundle$NoFallbackControl klass: 0x00000001000d34f0
java/util/ListResourceBundle klass: 0x00000001000d3740
sun/text/resources/cldr/FormatData klass: 0x00000001000d39a0
java/util/ResourceBundle$ResourceBundleProviderHelper klass: 0x00000001000d3c00
sun/util/resources/Bundles$CacheKeyReference klass: 0x00000001000d3e10
sun/util/resources/Bundles$BundleReference klass: 0x00000001000d4018
sun/text/resources/cldr/FormatData_en klass: 0x00000001000d4278
sun/util/locale/provider/LocaleResources$ResourceReference klass: 0x00000001000d44d8
java/util/regex/MatchResult klass: 0x00000001000d4720
java/util/regex/Matcher klass: 0x00000001000d4928
java/util/regex/IntHashSet klass: 0x00000001000d4b88
java/util/regex/ASCII klass: 0x00000001000d4fb8
java/util/Formatter$FormatString klass: 0x00000001000d51c8
java/util/Formatter$FixedString klass: 0x00000001000d53d0
java/util/Formatter$FormatSpecifier klass: 0x00000001000d5620
java/util/Formatter$Flags klass: 0x00000001000d5870
java/util/Formatter$Conversion klass: 0x00000001000d5aa0
java/util/Formattable klass: 0x00000001000d5eb0
com/aliyun/serverless/runtime/handler/FunctionHandlerUtils klass: 0x000000010007c4e8
java/util/regex/Pattern$BnM klass: 0x00000001000d60b8
com/aliyun/serverless/runtime/handler/FunctionHandlerHolder klass: 0x000000010007c6f8
java/lang/InstantiationException klass: 0x00000001000d62f0
java/lang/IllegalAccessException klass: 0x00000001000d6558
java/lang/ExceptionInInitializerError klass: 0x00000001000d67c0
java/lang/TypeNotPresentException klass: 0x00000001000d6a38
java/lang/reflect/MalformedParameterizedTypeException klass: 0x00000001000d6cb0
java/lang/reflect/InvocationTargetException klass: 0x00000001000d6f18
com/aliyun/serverless/runtime/handler/InternalHandler klass: 0x000000010007c918
com/aliyun/serverless/runtime/handler/FunctionHandlerHolder$Holder klass: 0x000000010007cb20
com/aliyun/serverless/runtime/handler/FunctionHandlerHolder$$Lambda$25 klass: 0x00000001000c5040
com/aliyun/serverless/runtime/handler/FunctionHandlerHolder$$Lambda$26 klass: 0x00000001000c4840
com/aliyun/serverless/runtime/handler/FunctionHandlerHolder$$Lambda$27 klass: 0x00000001000c3840
com/alibaba/jvm/util/classnames/ClassLoaderXMLParser klass: 0x00000001000d7190
jdk/internal/util/xml/SAXParser klass: 0x00000001000d73a0
jdk/internal/util/xml/impl/SAXParserImpl klass: 0x00000001000d75f0
jdk/internal/org/xml/sax/XMLReader klass: 0x00000001000d7848
jdk/internal/org/xml/sax/Locator klass: 0x00000001000d7a50
jdk/internal/util/xml/impl/Parser klass: 0x00000001000d7c58
jdk/internal/util/xml/impl/ParserSAX klass: 0x00000001000d8040
jdk/internal/org/xml/sax/Attributes klass: 0x00000001000d83f8
jdk/internal/util/xml/impl/Attrs klass: 0x00000001000d8600
jdk/internal/util/xml/impl/Pair klass: 0x00000001000d8928
jdk/internal/org/xml/sax/EntityResolver klass: 0x00000001000d8b68
jdk/internal/org/xml/sax/DTDHandler klass: 0x00000001000d8d70
jdk/internal/org/xml/sax/ContentHandler klass: 0x00000001000d8f78
jdk/internal/org/xml/sax/ErrorHandler klass: 0x00000001000d9180
jdk/internal/org/xml/sax/helpers/DefaultHandler klass: 0x00000001000d9388
jdk/internal/loader/URLClassPath$JarLoader$2 klass: 0x00000001000d9708
java/net/JarURLConnection klass: 0x00000001000d9978
sun/net/www/protocol/jar/JarURLConnection klass: 0x00000001000d9d18
sun/net/www/protocol/jar/URLJarFile$URLJarFileCloseController klass: 0x00000001000da0b8
sun/net/www/protocol/jar/JarFileFactory klass: 0x00000001000da2c0
sun/net/www/protocol/jar/URLJarFile klass: 0x00000001000da508
sun/net/www/protocol/jar/URLJarFileCallBack klass: 0x00000001000da808
java/util/zip/ZipFile$CleanableResource$FinalizableResource klass: 0x00000001000daa10
sun/nio/fs/UnixFileKey klass: 0x00000001000dac68
sun/net/www/protocol/jar/URLJarFile$URLJarFileEntry klass: 0x00000001000dae78
sun/net/www/protocol/jar/JarURLConnection$JarURLInputStream klass: 0x00000001000db178
java/io/Reader klass: 0x00000001000db428
java/io/BufferedReader klass: 0x00000001000db6e0
java/io/InputStreamReader klass: 0x00000001000db9b8
sun/nio/cs/StreamDecoder klass: 0x00000001000dbc78
java/nio/charset/CharsetDecoder klass: 0x00000001000dbf60
sun/nio/cs/UTF_8$Decoder klass: 0x00000001000dc1d0
java/io/CharArrayReader klass: 0x00000001000dc440
java/io/CharArrayWriter klass: 0x00000001000dc700
jdk/internal/org/xml/sax/InputSource klass: 0x00000001000dca30
com/alibaba/jvm/util/classnames/ClassLoaderXMLParser$XMLParserHandler klass: 0x00000001000dcc98
jdk/internal/util/xml/impl/Input klass: 0x00000001000dd020
java/lang/IndexOutOfBoundsException klass: 0x00000001000dd238
java/lang/ArrayIndexOutOfBoundsException klass: 0x00000001000dd4a0
com/alibaba/jvm/util/classnames/ClassLoaderXMLParser$ClassLoaderNameConfig klass: 0x00000001000dd708
java/util/stream/ReferencePipeline$3 klass: 0x00000001000dd950
java/util/stream/SortedOps klass: 0x00000001000dde18
java/util/stream/ReferencePipeline$StatefulOp klass: 0x00000001000de028
java/util/stream/SortedOps$OfRef klass: 0x00000001000de4f0
java/util/Comparators$NaturalOrderComparator klass: 0x00000001000de9c0
java/util/stream/Collectors klass: 0x00000001000df080
java/util/stream/Collector$Characteristics klass: 0x00000001000df290
java/util/EnumSet klass: 0x00000001000df6c8
java/util/RegularEnumSet klass: 0x00000001000dfb08
java/util/stream/Collector klass: 0x00000001000e0040
java/util/stream/Collectors$CollectorImpl klass: 0x00000001000e0248
java/lang/invoke/DirectMethodHandle$Constructor klass: 0x00000001000e04c0
java/lang/invoke/DirectMethodHandle$Interface klass: 0x00000001000e0828
java/util/function/BiConsumer klass: 0x00000001000e0b98
java/util/function/BinaryOperator klass: 0x00000001000e0da0
java/util/stream/ReduceOps klass: 0x00000001000e0fa8
java/util/stream/ReduceOps$ReduceOp klass: 0x00000001000e11b8
java/util/stream/ReduceOps$3 klass: 0x00000001000e1428
java/util/stream/ReduceOps$AccumulatingSink klass: 0x00000001000e16a0
java/util/stream/ReduceOps$Box klass: 0x00000001000e18a8
java/util/stream/ReduceOps$3ReducingSink klass: 0x00000001000e1ac8
java/util/stream/SortedOps$AbstractRefSortingSink klass: 0x00000001000e1e00
java/util/stream/SortedOps$RefSortingSink klass: 0x00000001000e20c8
java/util/stream/ReferencePipeline$3$1 klass: 0x00000001000e2390
com/alibaba/jvm/util/AJDKUtils klass: 0x00000001000e2650
java/lang/invoke/StringConcatFactory klass: 0x00000001000e2860
java/lang/invoke/StringConcatFactory$Strategy klass: 0x00000001000e2a70
java/lang/invoke/MethodHandleImpl$AsVarargsCollector klass: 0x00000001000e2ea8
java/lang/invoke/StringConcatFactory$1 klass: 0x00000001000e3210
java/lang/invoke/StringConcatFactory$Mode klass: 0x00000001000e3420
java/lang/invoke/StringConcatFactory$Recipe klass: 0x00000001000e3858
java/lang/invoke/StringConcatFactory$RecipeElement klass: 0x00000001000e3a70
java/lang/invoke/StringConcatFactory$MethodHandleInlineCopyStrategy klass: 0x00000001000e3c88
java/lang/invoke/StringConcatFactory$MethodHandleInlineCopyStrategy$1 klass: 0x00000001000e3e98
java/lang/invoke/StringConcatFactory$MethodHandleInlineCopyStrategy$2 klass: 0x00000001000e40f0
java/lang/invoke/StringConcatFactory$MethodHandleInlineCopyStrategy$3 klass: 0x00000001000e4348
java/lang/StringConcatHelper klass: 0x00000001000e45a0
java/lang/invoke/StringConcatFactory$Stringifiers klass: 0x00000001000e47b0
java/lang/ClassValue klass: 0x00000001000e49c0
java/lang/invoke/StringConcatFactory$Stringifiers$StringifierMost klass: 0x00000001000e4c18
java/lang/ClassValue$Entry klass: 0x00000001000e4e78
java/lang/ClassValue$Identity klass: 0x00000001000e52e8
java/lang/ClassValue$Version klass: 0x00000001000e54f8
java/lang/invoke/StringConcatFactory$Stringifiers$StringifierAny klass: 0x00000001000e5728
java/lang/ClassValue$ClassValueMap klass: 0x00000001000e5988
java/lang/invoke/BoundMethodHandle$Species_LL klass: 0x00000001000e5d80
java/lang/invoke/BoundMethodHandle$Species_LLL klass: 0x00000001000e6128
java/lang/invoke/BoundMethodHandle$Species_LLLL klass: 0x00000001000e64d0
java/lang/invoke/BoundMethodHandle$Species_LLLLL klass: 0x00000001000e6878
java/lang/invoke/BoundMethodHandle$Species_LLLLLL klass: 0x00000001000e6c20
java/lang/invoke/BoundMethodHandle$Species_LLLLLLL klass: 0x00000001000e6fc8
java/lang/invoke/BoundMethodHandle$Species_LLLLLLLL klass: 0x00000001000e7370
java/lang/invoke/BoundMethodHandle$Species_LLLLLLLLL klass: 0x00000001000e7718
java/lang/invoke/BoundMethodHandle$Species_LLLLLLLLLL klass: 0x00000001000e7ac0
java/lang/invoke/BoundMethodHandle$Species_LLLLLLLLLLL klass: 0x00000001000f0040
java/lang/invoke/BoundMethodHandle$Species_LLLLLLLLLLLL klass: 0x00000001000f03e8
java/lang/invoke/BoundMethodHandle$Species_LLLLLLLLLLLLL klass: 0x00000001000f0790
java/lang/Byte$ByteCache klass: 0x00000001000f0b38
java/lang/invoke/MethodHandles$1 klass: 0x00000001000f0f48
java/lang/invoke/BoundMethodHandle$Species_LLLLLLI klass: 0x00000001000f1158
sun/invoke/util/ValueConversions$WrapperCache klass: 0x00000001000f1508
java/lang/invoke/BoundMethodHandle$Species_LLLLLLII klass: 0x00000001000f1930
java/lang/invoke/BoundMethodHandle$Species_LLLLLLIIL klass: 0x00000001000f1ce0
java/lang/invoke/ClassSpecializer$Factory$1Var klass: 0x00000001000f2090
java/net/URLClassLoader$1 klass: 0x00000001000f2df8
java/io/FilePermission klass: 0x00000001000f3038
jdk/internal/misc/JavaIOFilePermissionAccess klass: 0x00000001000f3290
java/io/FilePermission$1 klass: 0x00000001000f3498
sun/security/util/FilePermCompat klass: 0x00000001000f36d8
sun/security/util/SecurityProperties klass: 0x00000001000f38e8
java/io/FilePermissionCollection klass: 0x00000001000f3af8
java/io/FilePermissionCollection$1 klass: 0x00000001000f3d40
com/aliyun/fc/runtime/StreamRequestHandler klass: 0x000000010007cd30
alibaba/quickstart/unreachable/demo/QuickStartTestCL source: file:/code/ klass: 0x00000001000fb840 super: 0x0000000100001040 interfaces: 0x000000010007cd30 defining_loader_hash: f2bdbf56 fingerprint: 0x000004392e0ef7ca
alibaba/quickstart/unreachable/demo/QuickStartTestCL klass: 0x00000001000fb840 defining_loader_hash: f2bdbf56 initiating_loader_hash: f2bdbf56
com/aliyun/serverless/runtime/handler/FunctionHandlerHolder$1 klass: 0x000000010007cf38
com/aliyun/serverless/runtime/handler/StreamRequestHandlerAdapter klass: 0x000000010007d148
com/aliyun/fc/runtime/Context klass: 0x000000010007d390
com/aliyun/serverless/runtime/context/AliFCContext klass: 0x000000010007d598
com/aliyun/fc/runtime/OpenTracing klass: 0x000000010007d838
com/aliyun/fc/runtime/Credentials klass: 0x000000010007da40
com/aliyun/fc/runtime/FunctionParam klass: 0x000000010007dc48
com/aliyun/fc/runtime/Service klass: 0x000000010007de50
com/aliyun/fc/runtime/FunctionComputeLogger klass: 0x000000010007e058
com/aliyun/serverless/runtime/context/AliFCFunctionParam klass: 0x000000010007e260
com/aliyun/serverless/runtime/context/AliFCCredentials klass: 0x000000010007e4d8
com/aliyun/serverless/runtime/context/AliFCTracing klass: 0x000000010007e730
com/fasterxml/jackson/core/type/TypeReference klass: 0x000000010007e988
com/aliyun/serverless/runtime/context/AliFCTracing$1 klass: 0x000000010007ebd0
com/aliyun/serverless/runtime/context/AliFCService klass: 0x000000010007ee18
com/aliyun/serverless/runtime/context/FunctionComputeLoggerWrapper klass: 0x000000010007f090
com/aliyun/serverless/runtime/client/InvocationResponse klass: 0x000000010007f328
jdk/internal/misc/Signal$1 klass: 0x00000001000f3f90
java/util/IdentityHashMap$IdentityHashMapIterator klass: 0x00000001000f41c8
java/util/IdentityHashMap$KeyIterator klass: 0x00000001000f4438
java/lang/ProcessBuilder klass: 0x00000001000f46a8
java/util/StringJoiner klass: 0x00000001000f48c0
java/lang/ProcessBuilder$Redirect klass: 0x00000001000f4ad8
java/lang/ProcessBuilder$Redirect$1 klass: 0x00000001000f4f00
java/lang/ProcessBuilder$Redirect$2 klass: 0x00000001000f5128
java/lang/ProcessBuilder$Redirect$3 klass: 0x00000001000f5350
java/lang/ProcessBuilder$Redirect$Type klass: 0x00000001000f5580
java/lang/Process klass: 0x00000001000f59b8
java/lang/ProcessImpl klass: 0x00000001000f5c48
java/lang/ProcessImpl$Platform klass: 0x00000001000f5ee0
java/lang/ProcessImpl$LaunchMechanism klass: 0x00000001000f6118
java/lang/ProcessImpl$1 klass: 0x00000001000f6750
java/lang/ProcessBuilder$RedirectPipeImpl klass: 0x00000001000f6960
java/lang/ProcessHandle klass: 0x00000001000f6b98
java/lang/ProcessHandleImpl klass: 0x00000001000f6da0
java/util/concurrent/Executors klass: 0x00000001000f7048
java/util/concurrent/ThreadPoolExecutor klass: 0x00000001000f7258
java/util/concurrent/RejectedExecutionHandler klass: 0x00000001000f7658
java/util/concurrent/ThreadPoolExecutor$AbortPolicy klass: 0x00000001000f7860
java/util/AbstractQueue klass: 0x00000001000f7a90
java/util/concurrent/SynchronousQueue klass: 0x0000000100100040
java/util/concurrent/SynchronousQueue$Transferer klass: 0x00000001001005a0
java/util/concurrent/SynchronousQueue$TransferStack klass: 0x00000001001007b8
java/util/concurrent/SynchronousQueue$TransferStack$SNode klass: 0x00000001001009d8
java/util/concurrent/locks/Condition klass: 0x0000000100100bf0
java/util/concurrent/locks/AbstractQueuedSynchronizer$ConditionObject klass: 0x0000000100100df8
java/lang/ProcessBuilder$NullOutputStream klass: 0x0000000100101058
java/lang/ProcessBuilder$NullInputStream klass: 0x00000001001012d8
java/util/concurrent/Future klass: 0x0000000100101580
java/util/concurrent/CompletionStage klass: 0x0000000100101788
java/util/concurrent/CompletableFuture klass: 0x0000000100101990
java/lang/ProcessHandleImpl$ExitCompletion klass: 0x0000000100102028
java/util/concurrent/CompletableFuture$AltResult klass: 0x00000001001026c0
java/util/concurrent/ForkJoinPool klass: 0x00000001001028d8
java/lang/invoke/VarHandleLongs$FieldInstanceReadOnly klass: 0x0000000100102ca0
java/lang/invoke/VarHandleLongs$FieldInstanceReadWrite klass: 0x0000000100102ec8
java/util/concurrent/ForkJoinTask klass: 0x00000001001030f0
java/lang/invoke/VarHandleObjects$Array klass: 0x0000000100103780
java/util/concurrent/ForkJoinPool$ForkJoinWorkerThreadFactory klass: 0x00000001001039b0
java/util/concurrent/ForkJoinPool$DefaultForkJoinWorkerThreadFactory klass: 0x0000000100103bb8
java/util/concurrent/ForkJoinPool$1 klass: 0x00000001001041e0
java/util/concurrent/ForkJoinPool$WorkQueue klass: 0x0000000100104418
java/util/concurrent/CompletableFuture$AsynchronousCompletionTask klass: 0x0000000100104830
java/util/concurrent/CompletableFuture$Completion klass: 0x0000000100104a38
java/lang/ProcessHandleImpl$1 klass: 0x0000000100104cf8
java/util/concurrent/ThreadPoolExecutor$Worker klass: 0x0000000100104f30
java/lang/Thread$State klass: 0x0000000100105198
java/util/concurrent/CompletableFuture$UniCompletion klass: 0x00000001001055d0
java/util/concurrent/CompletableFuture$UniHandle klass: 0x0000000100105890
java/util/concurrent/ForkJoinTask$ExceptionNode klass: 0x0000000100105b50
java/lang/ProcessImpl$ProcessPipeInputStream klass: 0x0000000100105f90
java/lang/ProcessImpl$ProcessPipeOutputStream klass: 0x0000000100106250
